{"/home/travis/build/npmtest/node-npmtest-pagination/test.js":{"path":"/home/travis/build/npmtest/node-npmtest-pagination/test.js","s":{"1":2,"2":2,"3":2,"4":2,"5":2,"6":2,"7":2,"8":1,"9":2,"10":2,"11":1,"12":1,"13":1,"14":1,"15":2,"16":2,"17":2,"18":2,"19":1,"20":1,"21":2,"22":2,"23":2,"24":1,"25":1,"26":1,"27":1,"28":1,"29":1,"30":1,"31":1,"32":1,"33":1,"34":1,"35":1,"36":1,"37":2,"38":2,"39":1,"40":2,"41":2,"42":1,"43":2,"44":2,"45":1,"46":2,"47":2,"48":1,"49":1,"50":1,"51":1,"52":1},"b":{"1":[2,1,1,1],"2":[1,1,1,1],"3":[1,1],"4":[1,1],"5":[1,1],"6":[1,1],"7":[1,1],"8":[1,1],"9":[1,1,1],"10":[1,1],"11":[1,1],"12":[1,1],"13":[1,1],"14":[1,1],"15":[1,1],"16":[1,1]},"f":{"1":2,"2":2,"3":2,"4":2,"5":2,"6":1,"7":1,"8":2,"9":2,"10":2,"11":2,"12":1},"fnMap":{"1":{"name":"(anonymous_1)","line":12,"loc":{"start":{"line":12,"column":1},"end":{"line":12,"column":13}}},"2":{"name":"(anonymous_2)","line":19,"loc":{"start":{"line":19,"column":5},"end":{"line":19,"column":17}}},"3":{"name":"(anonymous_3)","line":23,"loc":{"start":{"line":23,"column":24},"end":{"line":23,"column":36}}},"4":{"name":"(anonymous_4)","line":61,"loc":{"start":{"line":61,"column":5},"end":{"line":61,"column":17}}},"5":{"name":"(anonymous_5)","line":82,"loc":{"start":{"line":82,"column":5},"end":{"line":82,"column":17}}},"6":{"name":"(anonymous_6)","line":102,"loc":{"start":{"line":102,"column":83},"end":{"line":105,"column":10}},"skip":true},"7":{"name":"(anonymous_7)","line":113,"loc":{"start":{"line":113,"column":77},"end":{"line":116,"column":10}},"skip":true},"8":{"name":"(anonymous_8)","line":129,"loc":{"start":{"line":129,"column":12},"end":{"line":129,"column":40}},"skip":true},"9":{"name":"(anonymous_9)","line":137,"loc":{"start":{"line":137,"column":77},"end":{"line":140,"column":10}},"skip":true},"10":{"name":"(anonymous_10)","line":148,"loc":{"start":{"line":148,"column":83},"end":{"line":151,"column":10}},"skip":true},"11":{"name":"(anonymous_11)","line":159,"loc":{"start":{"line":159,"column":79},"end":{"line":162,"column":10}},"skip":true},"12":{"name":"(anonymous_12)","line":170,"loc":{"start":{"line":170,"column":75},"end":{"line":173,"column":10}},"skip":true}},"statementMap":{"1":{"start":{"line":12,"column":0},"end":{"line":185,"column":5}},"2":{"start":{"line":14,"column":4},"end":{"line":14,"column":14}},"3":{"start":{"line":19,"column":4},"end":{"line":56,"column":9}},"4":{"start":{"line":21,"column":8},"end":{"line":21,"column":19}},"5":{"start":{"line":23,"column":8},"end":{"line":35,"column":13}},"6":{"start":{"line":24,"column":12},"end":{"line":34,"column":13}},"7":{"start":{"line":25,"column":16},"end":{"line":28,"column":30}},"8":{"start":{"line":30,"column":16},"end":{"line":33,"column":27}},"9":{"start":{"line":37,"column":8},"end":{"line":39,"column":21}},"10":{"start":{"line":40,"column":8},"end":{"line":53,"column":9}},"11":{"start":{"line":43,"column":12},"end":{"line":46,"column":14}},"12":{"start":{"line":47,"column":12},"end":{"line":47,"column":18}},"13":{"start":{"line":50,"column":12},"end":{"line":51,"column":46}},"14":{"start":{"line":52,"column":12},"end":{"line":52,"column":18}},"15":{"start":{"line":55,"column":8},"end":{"line":55,"column":35}},"16":{"start":{"line":61,"column":4},"end":{"line":63,"column":9}},"17":{"start":{"line":62,"column":8},"end":{"line":62,"column":15}},"18":{"start":{"line":64,"column":4},"end":{"line":77,"column":5}},"19":{"start":{"line":70,"column":8},"end":{"line":70,"column":14}},"20":{"start":{"line":76,"column":8},"end":{"line":76,"column":14}},"21":{"start":{"line":82,"column":4},"end":{"line":84,"column":9}},"22":{"start":{"line":83,"column":8},"end":{"line":83,"column":15}},"23":{"start":{"line":85,"column":4},"end":{"line":184,"column":5}},"24":{"start":{"line":92,"column":8},"end":{"line":94,"column":63}},"25":{"start":{"line":95,"column":8},"end":{"line":95,"column":14}},"26":{"start":{"line":102,"column":8},"end":{"line":111,"column":10},"skip":true},"27":{"start":{"line":109,"column":12},"end":{"line":109,"column":55},"skip":true},"28":{"start":{"line":110,"column":12},"end":{"line":110,"column":48},"skip":true},"29":{"start":{"line":113,"column":8},"end":{"line":126,"column":10},"skip":true},"30":{"start":{"line":120,"column":12},"end":{"line":120,"column":76},"skip":true},"31":{"start":{"line":121,"column":12},"end":{"line":121,"column":73},"skip":true},"32":{"start":{"line":122,"column":12},"end":{"line":122,"column":74},"skip":true},"33":{"start":{"line":123,"column":12},"end":{"line":123,"column":79},"skip":true},"34":{"start":{"line":124,"column":12},"end":{"line":124,"column":25},"skip":true},"35":{"start":{"line":125,"column":12},"end":{"line":125,"column":45},"skip":true},"36":{"start":{"line":128,"column":8},"end":{"line":135,"column":14},"skip":true},"37":{"start":{"line":133,"column":16},"end":{"line":133,"column":29},"skip":true},"38":{"start":{"line":134,"column":16},"end":{"line":134,"column":55},"skip":true},"39":{"start":{"line":137,"column":8},"end":{"line":146,"column":10},"skip":true},"40":{"start":{"line":144,"column":12},"end":{"line":144,"column":25},"skip":true},"41":{"start":{"line":145,"column":12},"end":{"line":145,"column":45},"skip":true},"42":{"start":{"line":148,"column":8},"end":{"line":157,"column":10},"skip":true},"43":{"start":{"line":155,"column":12},"end":{"line":155,"column":25},"skip":true},"44":{"start":{"line":156,"column":12},"end":{"line":156,"column":48},"skip":true},"45":{"start":{"line":159,"column":8},"end":{"line":168,"column":10},"skip":true},"46":{"start":{"line":166,"column":12},"end":{"line":166,"column":25},"skip":true},"47":{"start":{"line":167,"column":12},"end":{"line":167,"column":46},"skip":true},"48":{"start":{"line":170,"column":8},"end":{"line":179,"column":10},"skip":true},"49":{"start":{"line":177,"column":12},"end":{"line":177,"column":94},"skip":true},"50":{"start":{"line":178,"column":12},"end":{"line":178,"column":48},"skip":true},"51":{"start":{"line":182,"column":8},"end":{"line":182,"column":35},"skip":true},"52":{"start":{"line":183,"column":8},"end":{"line":183,"column":14},"skip":true}},"branchMap":{"1":{"line":25,"type":"binary-expr","locations":[{"start":{"line":25,"column":23},"end":{"line":25,"column":62}},{"start":{"line":26,"column":20},"end":{"line":26,"column":70}},{"start":{"line":27,"column":20},"end":{"line":27,"column":71}},{"start":{"line":28,"column":20},"end":{"line":28,"column":29}}]},"2":{"line":30,"type":"binary-expr","locations":[{"start":{"line":30,"column":23},"end":{"line":30,"column":37}},{"start":{"line":31,"column":20},"end":{"line":31,"column":61}},{"start":{"line":32,"column":20},"end":{"line":32,"column":70}},{"start":{"line":33,"column":20},"end":{"line":33,"column":26}}]},"3":{"line":37,"type":"cond-expr","locations":[{"start":{"line":38,"column":14},"end":{"line":38,"column":20}},{"start":{"line":39,"column":14},"end":{"line":39,"column":20}}]},"4":{"line":40,"type":"switch","locations":[{"start":{"line":42,"column":8},"end":{"line":47,"column":18}},{"start":{"line":49,"column":8},"end":{"line":52,"column":18}}]},"5":{"line":44,"type":"binary-expr","locations":[{"start":{"line":44,"column":16},"end":{"line":44,"column":44}},{"start":{"line":44,"column":48},"end":{"line":44,"column":66}}]},"6":{"line":50,"type":"binary-expr","locations":[{"start":{"line":50,"column":21},"end":{"line":50,"column":49}},{"start":{"line":50,"column":53},"end":{"line":50,"column":72}}]},"7":{"line":64,"type":"switch","locations":[{"start":{"line":69,"column":4},"end":{"line":70,"column":14}},{"start":{"line":75,"column":4},"end":{"line":76,"column":14}}]},"8":{"line":85,"type":"switch","locations":[{"start":{"line":90,"column":4},"end":{"line":95,"column":14}},{"start":{"line":101,"column":4},"end":{"line":183,"column":14},"skip":true}]},"9":{"line":92,"type":"binary-expr","locations":[{"start":{"line":92,"column":18},"end":{"line":92,"column":32}},{"start":{"line":93,"column":12},"end":{"line":93,"column":53}},{"start":{"line":94,"column":12},"end":{"line":94,"column":61}}]},"10":{"line":102,"type":"binary-expr","locations":[{"start":{"line":102,"column":45},"end":{"line":102,"column":79},"skip":true},{"start":{"line":102,"column":83},"end":{"line":111,"column":9},"skip":true}]},"11":{"line":113,"type":"binary-expr","locations":[{"start":{"line":113,"column":42},"end":{"line":113,"column":73},"skip":true},{"start":{"line":113,"column":77},"end":{"line":126,"column":9},"skip":true}]},"12":{"line":128,"type":"binary-expr","locations":[{"start":{"line":128,"column":48},"end":{"line":128,"column":85},"skip":true},{"start":{"line":129,"column":12},"end":{"line":135,"column":13},"skip":true}]},"13":{"line":137,"type":"binary-expr","locations":[{"start":{"line":137,"column":42},"end":{"line":137,"column":73},"skip":true},{"start":{"line":137,"column":77},"end":{"line":146,"column":9},"skip":true}]},"14":{"line":148,"type":"binary-expr","locations":[{"start":{"line":148,"column":45},"end":{"line":148,"column":79},"skip":true},{"start":{"line":148,"column":83},"end":{"line":157,"column":9},"skip":true}]},"15":{"line":159,"type":"binary-expr","locations":[{"start":{"line":159,"column":43},"end":{"line":159,"column":75},"skip":true},{"start":{"line":159,"column":79},"end":{"line":168,"column":9},"skip":true}]},"16":{"line":170,"type":"binary-expr","locations":[{"start":{"line":170,"column":41},"end":{"line":170,"column":71},"skip":true},{"start":{"line":170,"column":75},"end":{"line":179,"column":9},"skip":true}]}},"code":["/* istanbul instrument in package npmtest_pagination */","/*jslint","    bitwise: true,","    browser: true,","    maxerr: 8,","    maxlen: 96,","    node: true,","    nomen: true,","    regexp: true,","    stupid: true","*/","(function () {","    'use strict';","    var local;","","","","    // run shared js-env code - pre-init","    (function () {","        // init local","        local = {};","        // init modeJs","        local.modeJs = (function () {","            try {","                return typeof navigator.userAgent === 'string' &&","                    typeof document.querySelector('body') === 'object' &&","                    typeof XMLHttpRequest.prototype.open === 'function' &&","                    'browser';","            } catch (errorCaughtBrowser) {","                return module.exports &&","                    typeof process.versions.node === 'string' &&","                    typeof require('http').createServer === 'function' &&","                    'node';","            }","        }());","        // init global","        local.global = local.modeJs === 'browser'","            ? window","            : global;","        switch (local.modeJs) {","        // re-init local from window.local","        case 'browser':","            local = local.global.utility2.objectSetDefault(","                local.global.utility2_rollup || local.global.local,","                local.global.utility2","            );","            break;","        // re-init local from example.js","        case 'node':","            local = (local.global.utility2_rollup || require('utility2'))","                .requireExampleJsFromReadme();","            break;","        }","        // export local","        local.global.local = local;","    }());","","","","    // run shared js-env code - function","    (function () {","        return;","    }());","    switch (local.modeJs) {","","","","    // run browser js-env code - function","    case 'browser':","        break;","","","","    // run node js-env code - function","    case 'node':","        break;","    }","","","","    // run shared js-env code - post-init","    (function () {","        return;","    }());","    switch (local.modeJs) {","","","","    // run browser js-env code - post-init","    case 'browser':","        // run tests","        local.nop(local.modeTest &&","            document.querySelector('#testRunButton1') &&","            document.querySelector('#testRunButton1').click());","        break;","","","","    // run node js-env code - post-init","    /* istanbul ignore next */","    case 'node':","        local.testCase_buildApidoc_default = local.testCase_buildApidoc_default || function (","            options,","            onError","        ) {","        /*","         * this function will test buildApidoc's default handling-behavior-behavior","         */","            options = { modulePathList: module.paths };","            local.buildApidoc(options, onError);","        };","","        local.testCase_buildApp_default = local.testCase_buildApp_default || function (","            options,","            onError","        ) {","        /*","         * this function will test buildApp's default handling-behavior-behavior","         */","            local.testCase_buildReadme_default(options, local.onErrorThrow);","            local.testCase_buildLib_default(options, local.onErrorThrow);","            local.testCase_buildTest_default(options, local.onErrorThrow);","            local.testCase_buildCustomOrg_default(options, local.onErrorThrow);","            options = [];","            local.buildApp(options, onError);","        };","","        local.testCase_buildCustomOrg_default = local.testCase_buildCustomOrg_default ||","            function (options, onError) {","            /*","             * this function will test buildCustomOrg's default handling-behavior","             */","                options = {};","                local.buildCustomOrg(options, onError);","            };","","        local.testCase_buildLib_default = local.testCase_buildLib_default || function (","            options,","            onError","        ) {","        /*","         * this function will test buildLib's default handling-behavior","         */","            options = {};","            local.buildLib(options, onError);","        };","","        local.testCase_buildReadme_default = local.testCase_buildReadme_default || function (","            options,","            onError","        ) {","        /*","         * this function will test buildReadme's default handling-behavior-behavior","         */","            options = {};","            local.buildReadme(options, onError);","        };","","        local.testCase_buildTest_default = local.testCase_buildTest_default || function (","            options,","            onError","        ) {","        /*","         * this function will test buildTest's default handling-behavior","         */","            options = {};","            local.buildTest(options, onError);","        };","","        local.testCase_webpage_default = local.testCase_webpage_default || function (","            options,","            onError","        ) {","        /*","         * this function will test webpage's default handling-behavior","         */","            options = { modeCoverageMerge: true, url: local.serverLocalHost + '?modeTest=1' };","            local.browserTest(options, onError);","        };","","        // run test-server","        local.testRunServer(local);","        break;","    }","}());",""],"l":{"12":2,"14":2,"19":2,"21":2,"23":2,"24":2,"25":2,"30":1,"37":2,"40":2,"43":1,"47":1,"50":1,"52":1,"55":2,"61":2,"62":2,"64":2,"70":1,"76":1,"82":2,"83":2,"85":2,"92":1,"95":1,"102":1,"109":1,"110":1,"113":1,"120":1,"121":1,"122":1,"123":1,"124":1,"125":1,"128":1,"133":2,"134":2,"137":1,"144":2,"145":2,"148":1,"155":2,"156":2,"159":1,"166":2,"167":2,"170":1,"177":1,"178":1,"182":1,"183":1}},"/home/travis/build/npmtest/node-npmtest-pagination/lib.npmtest_pagination.js":{"path":"/home/travis/build/npmtest/node-npmtest-pagination/lib.npmtest_pagination.js","s":{"1":2,"2":2,"3":2,"4":2,"5":2,"6":2,"7":2,"8":1,"9":2,"10":2,"11":2,"12":2,"13":1,"14":1,"15":1,"16":1},"b":{"1":[2,1,1,1],"2":[1,1,1,1],"3":[1,1],"4":[2,2],"5":[1,1]},"f":{"1":2,"2":2,"3":2},"fnMap":{"1":{"name":"(anonymous_1)","line":12,"loc":{"start":{"line":12,"column":1},"end":{"line":12,"column":13}}},"2":{"name":"(anonymous_2)","line":19,"loc":{"start":{"line":19,"column":5},"end":{"line":19,"column":17}}},"3":{"name":"(anonymous_3)","line":23,"loc":{"start":{"line":23,"column":24},"end":{"line":23,"column":36}}}},"statementMap":{"1":{"start":{"line":12,"column":0},"end":{"line":53,"column":5}},"2":{"start":{"line":14,"column":4},"end":{"line":14,"column":14}},"3":{"start":{"line":19,"column":4},"end":{"line":52,"column":9}},"4":{"start":{"line":21,"column":8},"end":{"line":21,"column":19}},"5":{"start":{"line":23,"column":8},"end":{"line":35,"column":13}},"6":{"start":{"line":24,"column":12},"end":{"line":34,"column":13}},"7":{"start":{"line":25,"column":16},"end":{"line":28,"column":30}},"8":{"start":{"line":30,"column":16},"end":{"line":33,"column":27}},"9":{"start":{"line":37,"column":8},"end":{"line":39,"column":21}},"10":{"start":{"line":41,"column":8},"end":{"line":41,"column":54}},"11":{"start":{"line":43,"column":8},"end":{"line":43,"column":55}},"12":{"start":{"line":45,"column":8},"end":{"line":51,"column":9}},"13":{"start":{"line":46,"column":12},"end":{"line":46,"column":61}},"14":{"start":{"line":48,"column":12},"end":{"line":48,"column":35}},"15":{"start":{"line":49,"column":12},"end":{"line":49,"column":49}},"16":{"start":{"line":50,"column":12},"end":{"line":50,"column":43}}},"branchMap":{"1":{"line":25,"type":"binary-expr","locations":[{"start":{"line":25,"column":23},"end":{"line":25,"column":62}},{"start":{"line":26,"column":20},"end":{"line":26,"column":70}},{"start":{"line":27,"column":20},"end":{"line":27,"column":71}},{"start":{"line":28,"column":20},"end":{"line":28,"column":29}}]},"2":{"line":30,"type":"binary-expr","locations":[{"start":{"line":30,"column":23},"end":{"line":30,"column":37}},{"start":{"line":31,"column":20},"end":{"line":31,"column":61}},{"start":{"line":32,"column":20},"end":{"line":32,"column":70}},{"start":{"line":33,"column":20},"end":{"line":33,"column":26}}]},"3":{"line":37,"type":"cond-expr","locations":[{"start":{"line":38,"column":14},"end":{"line":38,"column":20}},{"start":{"line":39,"column":14},"end":{"line":39,"column":20}}]},"4":{"line":41,"type":"binary-expr","locations":[{"start":{"line":41,"column":16},"end":{"line":41,"column":44}},{"start":{"line":41,"column":48},"end":{"line":41,"column":53}}]},"5":{"line":45,"type":"if","locations":[{"start":{"line":45,"column":8},"end":{"line":45,"column":8}},{"start":{"line":45,"column":8},"end":{"line":45,"column":8}}]}},"code":["/* istanbul instrument in package npmtest_pagination */","/*jslint","    bitwise: true,","    browser: true,","    maxerr: 8,","    maxlen: 96,","    node: true,","    nomen: true,","    regexp: true,","    stupid: true","*/","(function () {","    'use strict';","    var local;","","","","    // run shared js-env code - pre-init","    (function () {","        // init local","        local = {};","        // init modeJs","        local.modeJs = (function () {","            try {","                return typeof navigator.userAgent === 'string' &&","                    typeof document.querySelector('body') === 'object' &&","                    typeof XMLHttpRequest.prototype.open === 'function' &&","                    'browser';","            } catch (errorCaughtBrowser) {","                return module.exports &&","                    typeof process.versions.node === 'string' &&","                    typeof require('http').createServer === 'function' &&","                    'node';","            }","        }());","        // init global","        local.global = local.modeJs === 'browser'","            ? window","            : global;","        // init utility2_rollup","        local = local.global.utility2_rollup || local;","        // init lib","        local.local = local.npmtest_pagination = local;","        // init exports","        if (local.modeJs === 'browser') {","            local.global.utility2_npmtest_pagination = local;","        } else {","            module.exports = local;","            module.exports.__dirname = __dirname;","            module.exports.module = module;","        }","    }());","}());",""],"l":{"12":2,"14":2,"19":2,"21":2,"23":2,"24":2,"25":2,"30":1,"37":2,"41":2,"43":2,"45":2,"46":1,"48":1,"49":1,"50":1}},"/home/travis/build/npmtest/node-npmtest-pagination/example.js":{"path":"/home/travis/build/npmtest/node-npmtest-pagination/example.js","s":{"1":2,"2":2,"3":2,"4":2,"5":2,"6":2,"7":2,"8":1,"9":2,"10":2,"11":2,"12":2,"13":1,"14":2,"15":2,"16":2,"17":2,"18":2,"19":0,"20":2,"21":1,"22":1,"23":1,"24":1,"25":1,"26":0,"27":0,"28":1,"29":1,"30":2,"31":0,"32":0,"33":0,"34":1,"35":2,"36":2,"37":2,"38":2,"39":2,"40":2,"41":0,"42":2,"43":2,"44":2,"45":1,"46":3,"47":1,"48":1,"49":1,"50":1,"51":1,"52":1,"53":1,"54":1,"55":1,"56":1,"57":0,"58":1,"59":6,"60":6,"61":1,"62":2,"63":0,"64":2,"65":1,"66":1,"67":0,"68":0,"69":0,"70":0,"71":0,"72":0,"73":0,"74":0,"75":0,"76":0,"77":0,"78":0,"79":0,"80":0,"81":0,"82":0,"83":0},"b":{"1":[2,1,1,1],"2":[1,1,1,1],"3":[1,1],"4":[2,2],"5":[1,1],"6":[1,1],"7":[2,0],"8":[2,1,1,1,1,1],"9":[0,2,0],"10":[1,1],"11":[2,1,1],"12":[1,0],"13":[0,2],"14":[2,0,0,0,0,0,0],"15":[0,2],"16":[2,0],"17":[1,1],"18":[0,1],"19":[1,2,0,2],"20":[1,0],"21":[1,1],"22":[0,0],"23":[0,0],"24":[0,0],"25":[0,0],"26":[0,0],"27":[0,0],"28":[0,0]},"f":{"1":2,"2":2,"3":2,"4":2,"5":2,"6":2,"7":2,"8":2,"9":3,"10":1,"11":6,"12":0},"fnMap":{"1":{"name":"(anonymous_1)","line":26,"loc":{"start":{"line":26,"column":1},"end":{"line":26,"column":13}}},"2":{"name":"(anonymous_2)","line":33,"loc":{"start":{"line":33,"column":5},"end":{"line":33,"column":17}}},"3":{"name":"(anonymous_3)","line":37,"loc":{"start":{"line":37,"column":24},"end":{"line":37,"column":36}}},"4":{"name":"(anonymous_4)","line":69,"loc":{"start":{"line":69,"column":31},"end":{"line":69,"column":48}},"skip":true},"5":{"name":"(anonymous_5)","line":78,"loc":{"start":{"line":78,"column":26},"end":{"line":78,"column":45}},"skip":true},"6":{"name":"(anonymous_6)","line":123,"loc":{"start":{"line":123,"column":33},"end":{"line":123,"column":48}},"skip":true},"7":{"name":"(anonymous_7)","line":125,"loc":{"start":{"line":125,"column":27},"end":{"line":125,"column":39}},"skip":true},"8":{"name":"(anonymous_8)","line":133,"loc":{"start":{"line":133,"column":59},"end":{"line":133,"column":74}},"skip":true},"9":{"name":"(anonymous_9)","line":143,"loc":{"start":{"line":143,"column":45},"end":{"line":143,"column":62}},"skip":true},"10":{"name":"(anonymous_10)","line":144,"loc":{"start":{"line":144,"column":73},"end":{"line":144,"column":92}},"skip":true},"11":{"name":"(anonymous_11)","line":272,"loc":{"start":{"line":272,"column":51},"end":{"line":272,"column":77}},"skip":true},"12":{"name":"(anonymous_12)","line":314,"loc":{"start":{"line":314,"column":32},"end":{"line":314,"column":61}},"skip":true}},"statementMap":{"1":{"start":{"line":26,"column":0},"end":{"line":325,"column":5}},"2":{"start":{"line":28,"column":4},"end":{"line":28,"column":14}},"3":{"start":{"line":33,"column":4},"end":{"line":60,"column":9}},"4":{"start":{"line":35,"column":8},"end":{"line":35,"column":19}},"5":{"start":{"line":37,"column":8},"end":{"line":49,"column":13}},"6":{"start":{"line":38,"column":12},"end":{"line":48,"column":13}},"7":{"start":{"line":39,"column":16},"end":{"line":42,"column":30}},"8":{"start":{"line":44,"column":16},"end":{"line":47,"column":27}},"9":{"start":{"line":51,"column":8},"end":{"line":53,"column":21}},"10":{"start":{"line":55,"column":8},"end":{"line":57,"column":45}},"11":{"start":{"line":59,"column":8},"end":{"line":59,"column":35}},"12":{"start":{"line":61,"column":4},"end":{"line":324,"column":5}},"13":{"start":{"line":69,"column":8},"end":{"line":121,"column":10},"skip":true},"14":{"start":{"line":70,"column":12},"end":{"line":88,"column":13},"skip":true},"15":{"start":{"line":76,"column":16},"end":{"line":87,"column":19},"skip":true},"16":{"start":{"line":79,"column":20},"end":{"line":86,"column":21},"skip":true},"17":{"start":{"line":82,"column":24},"end":{"line":82,"column":43},"skip":true},"18":{"start":{"line":83,"column":24},"end":{"line":83,"column":30},"skip":true},"19":{"start":{"line":85,"column":24},"end":{"line":85,"column":49},"skip":true},"20":{"start":{"line":89,"column":12},"end":{"line":107,"column":13},"skip":true},"21":{"start":{"line":92,"column":16},"end":{"line":102,"column":17},"skip":true},"22":{"start":{"line":93,"column":20},"end":{"line":93,"column":86},"skip":true},"23":{"start":{"line":94,"column":20},"end":{"line":95,"column":45},"skip":true},"24":{"start":{"line":96,"column":20},"end":{"line":96,"column":42},"skip":true},"25":{"start":{"line":97,"column":20},"end":{"line":97,"column":48},"skip":true},"26":{"start":{"line":100,"column":20},"end":{"line":100,"column":85},"skip":true},"27":{"start":{"line":101,"column":20},"end":{"line":101,"column":96},"skip":true},"28":{"start":{"line":103,"column":16},"end":{"line":103,"column":22},"skip":true},"29":{"start":{"line":106,"column":16},"end":{"line":106,"column":22},"skip":true},"30":{"start":{"line":108,"column":12},"end":{"line":120,"column":13},"skip":true},"31":{"start":{"line":114,"column":16},"end":{"line":119,"column":17},"skip":true},"32":{"start":{"line":116,"column":20},"end":{"line":116,"column":78},"skip":true},"33":{"start":{"line":118,"column":20},"end":{"line":118,"column":47},"skip":true},"34":{"start":{"line":123,"column":8},"end":{"line":141,"column":11},"skip":true},"35":{"start":{"line":124,"column":12},"end":{"line":124,"column":54},"skip":true},"36":{"start":{"line":125,"column":12},"end":{"line":140,"column":14},"skip":true},"37":{"start":{"line":126,"column":16},"end":{"line":126,"column":28},"skip":true},"38":{"start":{"line":127,"column":16},"end":{"line":127,"column":69},"skip":true},"39":{"start":{"line":128,"column":16},"end":{"line":128,"column":75},"skip":true},"40":{"start":{"line":129,"column":16},"end":{"line":131,"column":17},"skip":true},"41":{"start":{"line":130,"column":20},"end":{"line":130,"column":27},"skip":true},"42":{"start":{"line":133,"column":16},"end":{"line":137,"column":36},"skip":true},"43":{"start":{"line":134,"column":20},"end":{"line":136,"column":55},"skip":true},"44":{"start":{"line":139,"column":16},"end":{"line":139,"column":57},"skip":true},"45":{"start":{"line":143,"column":8},"end":{"line":147,"column":11},"skip":true},"46":{"start":{"line":144,"column":12},"end":{"line":146,"column":15},"skip":true},"47":{"start":{"line":145,"column":16},"end":{"line":145,"column":70},"skip":true},"48":{"start":{"line":149,"column":8},"end":{"line":149,"column":31},"skip":true},"49":{"start":{"line":150,"column":8},"end":{"line":150,"column":14},"skip":true},"50":{"start":{"line":158,"column":8},"end":{"line":158,"column":31},"skip":true},"51":{"start":{"line":160,"column":8},"end":{"line":160,"column":33},"skip":true},"52":{"start":{"line":161,"column":8},"end":{"line":161,"column":37},"skip":true},"53":{"start":{"line":162,"column":8},"end":{"line":162,"column":35},"skip":true},"54":{"start":{"line":164,"column":8},"end":{"line":164,"column":50},"skip":true},"55":{"start":{"line":166,"column":8},"end":{"line":256,"column":2},"skip":true},"56":{"start":{"line":258,"column":8},"end":{"line":286,"column":9},"skip":true},"57":{"start":{"line":259,"column":12},"end":{"line":269,"column":14},"skip":true},"58":{"start":{"line":271,"column":12},"end":{"line":285,"column":19},"skip":true},"59":{"start":{"line":274,"column":20},"end":{"line":274,"column":35},"skip":true},"60":{"start":{"line":275,"column":20},"end":{"line":284,"column":21},"skip":true},"61":{"start":{"line":277,"column":24},"end":{"line":277,"column":64},"skip":true},"62":{"start":{"line":279,"column":24},"end":{"line":279,"column":40},"skip":true},"63":{"start":{"line":281,"column":24},"end":{"line":281,"column":40},"skip":true},"64":{"start":{"line":283,"column":24},"end":{"line":283,"column":39},"skip":true},"65":{"start":{"line":288,"column":8},"end":{"line":290,"column":9},"skip":true},"66":{"start":{"line":289,"column":12},"end":{"line":289,"column":18},"skip":true},"67":{"start":{"line":291,"column":8},"end":{"line":293,"column":54},"skip":true},"68":{"start":{"line":294,"column":8},"end":{"line":301,"column":37},"skip":true},"69":{"start":{"line":302,"column":8},"end":{"line":302,"column":82},"skip":true},"70":{"start":{"line":305,"column":8},"end":{"line":307,"column":9},"skip":true},"71":{"start":{"line":306,"column":12},"end":{"line":306,"column":82},"skip":true},"72":{"start":{"line":309,"column":8},"end":{"line":311,"column":9},"skip":true},"73":{"start":{"line":310,"column":12},"end":{"line":310,"column":18},"skip":true},"74":{"start":{"line":312,"column":8},"end":{"line":312,"column":54},"skip":true},"75":{"start":{"line":313,"column":8},"end":{"line":313,"column":69},"skip":true},"76":{"start":{"line":314,"column":8},"end":{"line":322,"column":36},"skip":true},"77":{"start":{"line":315,"column":12},"end":{"line":315,"column":61},"skip":true},"78":{"start":{"line":316,"column":12},"end":{"line":319,"column":13},"skip":true},"79":{"start":{"line":317,"column":16},"end":{"line":317,"column":75},"skip":true},"80":{"start":{"line":318,"column":16},"end":{"line":318,"column":23},"skip":true},"81":{"start":{"line":320,"column":12},"end":{"line":320,"column":38},"skip":true},"82":{"start":{"line":321,"column":12},"end":{"line":321,"column":27},"skip":true},"83":{"start":{"line":323,"column":8},"end":{"line":323,"column":14},"skip":true}},"branchMap":{"1":{"line":39,"type":"binary-expr","locations":[{"start":{"line":39,"column":23},"end":{"line":39,"column":62}},{"start":{"line":40,"column":20},"end":{"line":40,"column":70}},{"start":{"line":41,"column":20},"end":{"line":41,"column":71}},{"start":{"line":42,"column":20},"end":{"line":42,"column":29}}]},"2":{"line":44,"type":"binary-expr","locations":[{"start":{"line":44,"column":23},"end":{"line":44,"column":37}},{"start":{"line":45,"column":20},"end":{"line":45,"column":61}},{"start":{"line":46,"column":20},"end":{"line":46,"column":70}},{"start":{"line":47,"column":20},"end":{"line":47,"column":26}}]},"3":{"line":51,"type":"cond-expr","locations":[{"start":{"line":52,"column":14},"end":{"line":52,"column":20}},{"start":{"line":53,"column":14},"end":{"line":53,"column":20}}]},"4":{"line":55,"type":"binary-expr","locations":[{"start":{"line":55,"column":16},"end":{"line":55,"column":44}},{"start":{"line":55,"column":49},"end":{"line":57,"column":43}}]},"5":{"line":55,"type":"cond-expr","locations":[{"start":{"line":56,"column":14},"end":{"line":56,"column":54}},{"start":{"line":57,"column":14},"end":{"line":57,"column":43}}]},"6":{"line":61,"type":"switch","locations":[{"start":{"line":68,"column":4},"end":{"line":150,"column":14},"skip":true},{"start":{"line":156,"column":4},"end":{"line":323,"column":14},"skip":true}]},"7":{"line":70,"type":"if","locations":[{"start":{"line":70,"column":12},"end":{"line":70,"column":12},"skip":true},{"start":{"line":70,"column":12},"end":{"line":70,"column":12},"skip":true}]},"8":{"line":70,"type":"binary-expr","locations":[{"start":{"line":70,"column":16},"end":{"line":70,"column":22},"skip":true},{"start":{"line":70,"column":27},"end":{"line":70,"column":32},"skip":true},{"start":{"line":71,"column":20},"end":{"line":71,"column":39},"skip":true},{"start":{"line":72,"column":20},"end":{"line":72,"column":49},"skip":true},{"start":{"line":73,"column":20},"end":{"line":73,"column":58},"skip":true},{"start":{"line":74,"column":20},"end":{"line":74,"column":69},"skip":true}]},"9":{"line":79,"type":"switch","locations":[{"start":{"line":80,"column":20},"end":{"line":80,"column":33},"skip":true},{"start":{"line":81,"column":20},"end":{"line":83,"column":30},"skip":true},{"start":{"line":84,"column":20},"end":{"line":85,"column":49},"skip":true}]},"10":{"line":89,"type":"switch","locations":[{"start":{"line":90,"column":12},"end":{"line":103,"column":22},"skip":true},{"start":{"line":105,"column":12},"end":{"line":106,"column":22},"skip":true}]},"11":{"line":89,"type":"binary-expr","locations":[{"start":{"line":89,"column":20},"end":{"line":89,"column":25},"skip":true},{"start":{"line":89,"column":29},"end":{"line":89,"column":48},"skip":true},{"start":{"line":89,"column":52},"end":{"line":89,"column":74},"skip":true}]},"12":{"line":92,"type":"if","locations":[{"start":{"line":92,"column":16},"end":{"line":92,"column":16},"skip":true},{"start":{"line":92,"column":16},"end":{"line":92,"column":16},"skip":true}]},"13":{"line":108,"type":"if","locations":[{"start":{"line":108,"column":12},"end":{"line":108,"column":12},"skip":true},{"start":{"line":108,"column":12},"end":{"line":108,"column":12},"skip":true}]},"14":{"line":108,"type":"binary-expr","locations":[{"start":{"line":108,"column":16},"end":{"line":108,"column":61},"skip":true},{"start":{"line":108,"column":66},"end":{"line":108,"column":72},"skip":true},{"start":{"line":108,"column":77},"end":{"line":108,"column":82},"skip":true},{"start":{"line":109,"column":20},"end":{"line":109,"column":39},"skip":true},{"start":{"line":110,"column":20},"end":{"line":110,"column":49},"skip":true},{"start":{"line":111,"column":20},"end":{"line":111,"column":58},"skip":true},{"start":{"line":112,"column":20},"end":{"line":112,"column":68},"skip":true}]},"15":{"line":129,"type":"if","locations":[{"start":{"line":129,"column":16},"end":{"line":129,"column":16},"skip":true},{"start":{"line":129,"column":16},"end":{"line":129,"column":16},"skip":true}]},"16":{"line":134,"type":"cond-expr","locations":[{"start":{"line":135,"column":26},"end":{"line":135,"column":29},"skip":true},{"start":{"line":136,"column":26},"end":{"line":136,"column":54},"skip":true}]},"17":{"line":164,"type":"binary-expr","locations":[{"start":{"line":164,"column":27},"end":{"line":164,"column":43},"skip":true},{"start":{"line":164,"column":47},"end":{"line":164,"column":49},"skip":true}]},"18":{"line":258,"type":"if","locations":[{"start":{"line":258,"column":8},"end":{"line":258,"column":8},"skip":true},{"start":{"line":258,"column":8},"end":{"line":258,"column":8},"skip":true}]},"19":{"line":275,"type":"switch","locations":[{"start":{"line":276,"column":20},"end":{"line":277,"column":64},"skip":true},{"start":{"line":278,"column":20},"end":{"line":279,"column":40},"skip":true},{"start":{"line":280,"column":20},"end":{"line":281,"column":40},"skip":true},{"start":{"line":282,"column":20},"end":{"line":283,"column":39},"skip":true}]},"20":{"line":288,"type":"if","locations":[{"start":{"line":288,"column":8},"end":{"line":288,"column":8},"skip":true},{"start":{"line":288,"column":8},"end":{"line":288,"column":8},"skip":true}]},"21":{"line":288,"type":"binary-expr","locations":[{"start":{"line":288,"column":12},"end":{"line":288,"column":40},"skip":true},{"start":{"line":288,"column":44},"end":{"line":288,"column":67},"skip":true}]},"22":{"line":292,"type":"binary-expr","locations":[{"start":{"line":292,"column":12},"end":{"line":292,"column":50},"skip":true},{"start":{"line":293,"column":12},"end":{"line":293,"column":53},"skip":true}]},"23":{"line":295,"type":"binary-expr","locations":[{"start":{"line":295,"column":12},"end":{"line":295,"column":68},"skip":true},{"start":{"line":296,"column":12},"end":{"line":301,"column":36},"skip":true}]},"24":{"line":302,"type":"binary-expr","locations":[{"start":{"line":302,"column":43},"end":{"line":302,"column":75},"skip":true},{"start":{"line":302,"column":79},"end":{"line":302,"column":81},"skip":true}]},"25":{"line":305,"type":"if","locations":[{"start":{"line":305,"column":8},"end":{"line":305,"column":8},"skip":true},{"start":{"line":305,"column":8},"end":{"line":305,"column":8},"skip":true}]},"26":{"line":309,"type":"if","locations":[{"start":{"line":309,"column":8},"end":{"line":309,"column":8},"skip":true},{"start":{"line":309,"column":8},"end":{"line":309,"column":8},"skip":true}]},"27":{"line":312,"type":"binary-expr","locations":[{"start":{"line":312,"column":27},"end":{"line":312,"column":43},"skip":true},{"start":{"line":312,"column":47},"end":{"line":312,"column":53},"skip":true}]},"28":{"line":316,"type":"if","locations":[{"start":{"line":316,"column":12},"end":{"line":316,"column":12},"skip":true},{"start":{"line":316,"column":12},"end":{"line":316,"column":12},"skip":true}]}},"code":["/*","example.js","","quickstart example","","instruction","    1. save this script as example.js","    2. run the shell command:","        $ npm install npmtest-pagination && PORT=8081 node example.js","    3. play with the browser-demo on http://127.0.0.1:8081","*/","","","","/* istanbul instrument in package npmtest_pagination */","/*jslint","    bitwise: true,","    browser: true,","    maxerr: 8,","    maxlen: 96,","    node: true,","    nomen: true,","    regexp: true,","    stupid: true","*/","(function () {","    'use strict';","    var local;","","","","    // run shared js-env code - pre-init","    (function () {","        // init local","        local = {};","        // init modeJs","        local.modeJs = (function () {","            try {","                return typeof navigator.userAgent === 'string' &&","                    typeof document.querySelector('body') === 'object' &&","                    typeof XMLHttpRequest.prototype.open === 'function' &&","                    'browser';","            } catch (errorCaughtBrowser) {","                return module.exports &&","                    typeof process.versions.node === 'string' &&","                    typeof require('http').createServer === 'function' &&","                    'node';","            }","        }());","        // init global","        local.global = local.modeJs === 'browser'","            ? window","            : global;","        // init utility2_rollup","        local = local.global.utility2_rollup || (local.modeJs === 'browser'","            ? local.global.utility2_npmtest_pagination","            : global.utility2_moduleExports);","        // export local","        local.global.local = local;","    }());","    switch (local.modeJs) {","","","","    // post-init","    // run browser js-env code - post-init","    /* istanbul ignore next */","    case 'browser':","        local.testRunBrowser = function (event) {","            if (!event || (event &&","                    event.currentTarget &&","                    event.currentTarget.className &&","                    event.currentTarget.className.includes &&","                    event.currentTarget.className.includes('onreset'))) {","                // reset output","                Array.from(","                    document.querySelectorAll('body > .resettable')","                ).forEach(function (element) {","                    switch (element.tagName) {","                    case 'INPUT':","                    case 'TEXTAREA':","                        element.value = '';","                        break;","                    default:","                        element.textContent = '';","                    }","                });","            }","            switch (event && event.currentTarget && event.currentTarget.id) {","            case 'testRunButton1':","                // show tests","                if (document.querySelector('#testReportDiv1').style.display === 'none') {","                    document.querySelector('#testReportDiv1').style.display = 'block';","                    document.querySelector('#testRunButton1').textContent =","                        'hide internal test';","                    local.modeTest = true;","                    local.testRunDefault(local);","                // hide tests","                } else {","                    document.querySelector('#testReportDiv1').style.display = 'none';","                    document.querySelector('#testRunButton1').textContent = 'run internal test';","                }","                break;","            // custom-case","            default:","                break;","            }","            if (document.querySelector('#inputTextareaEval1') && (!event || (event &&","                    event.currentTarget &&","                    event.currentTarget.className &&","                    event.currentTarget.className.includes &&","                    event.currentTarget.className.includes('oneval')))) {","                // try to eval input-code","                try {","                    /*jslint evil: true*/","                    eval(document.querySelector('#inputTextareaEval1').value);","                } catch (errorCaught) {","                    console.error(errorCaught);","                }","            }","        };","        // log stderr and stdout to #outputTextareaStdout1","        ['error', 'log'].forEach(function (key) {","            console[key + '_original'] = console[key];","            console[key] = function () {","                var element;","                console[key + '_original'].apply(console, arguments);","                element = document.querySelector('#outputTextareaStdout1');","                if (!element) {","                    return;","                }","                // append text to #outputTextareaStdout1","                element.value += Array.from(arguments).map(function (arg) {","                    return typeof arg === 'string'","                        ? arg","                        : JSON.stringify(arg, null, 4);","                }).join(' ') + '\\n';","                // scroll textarea to bottom","                element.scrollTop = element.scrollHeight;","            };","        });","        // init event-handling","        ['change', 'click', 'keyup'].forEach(function (event) {","            Array.from(document.querySelectorAll('.on' + event)).forEach(function (element) {","                element.addEventListener(event, local.testRunBrowser);","            });","        });","        // run tests","        local.testRunBrowser();","        break;","","","","    // run node js-env code - post-init","    /* istanbul ignore next */","    case 'node':","        // export local","        module.exports = local;","        // require modules","        local.fs = require('fs');","        local.http = require('http');","        local.url = require('url');","        // init assets","        local.assetsDict = local.assetsDict || {};","        /* jslint-ignore-begin */","        local.assetsDict['/assets.index.template.html'] = '\\","<!doctype html>\\n\\","<html lang=\"en\">\\n\\","<head>\\n\\","<meta charset=\"UTF-8\">\\n\\","<meta name=\"viewport\" content=\"width=device-width, initial-scale=1\">\\n\\","<title>{{env.npm_package_name}} (v{{env.npm_package_version}})</title>\\n\\","<style>\\n\\","/*csslint\\n\\","    box-sizing: false,\\n\\","    universal-selector: false\\n\\","*/\\n\\","* {\\n\\","    box-sizing: border-box;\\n\\","}\\n\\","body {\\n\\","    background: #dde;\\n\\","    font-family: Arial, Helvetica, sans-serif;\\n\\","    margin: 2rem;\\n\\","}\\n\\","body > * {\\n\\","    margin-bottom: 1rem;\\n\\","}\\n\\",".utility2FooterDiv {\\n\\","    margin-top: 20px;\\n\\","    text-align: center;\\n\\","}\\n\\","</style>\\n\\","<style>\\n\\","/*csslint\\n\\","*/\\n\\","textarea {\\n\\","    font-family: monospace;\\n\\","    height: 10rem;\\n\\","    width: 100%;\\n\\","}\\n\\","textarea[readonly] {\\n\\","    background: #ddd;\\n\\","}\\n\\","</style>\\n\\","</head>\\n\\","<body>\\n\\","<!-- utility2-comment\\n\\","<div id=\"ajaxProgressDiv1\" style=\"background: #d00; height: 2px; left: 0; margin: 0; padding: 0; position: fixed; top: 0; transition: background 0.5s, width 1.5s; width: 25%;\"></div>\\n\\","utility2-comment -->\\n\\","<h1>\\n\\","<!-- utility2-comment\\n\\","    <a\\n\\","        {{#if env.npm_package_homepage}}\\n\\","        href=\"{{env.npm_package_homepage}}\"\\n\\","        {{/if env.npm_package_homepage}}\\n\\","        target=\"_blank\"\\n\\","    >\\n\\","utility2-comment -->\\n\\","        {{env.npm_package_name}} (v{{env.npm_package_version}})\\n\\","<!-- utility2-comment\\n\\","    </a>\\n\\","utility2-comment -->\\n\\","</h1>\\n\\","<h3>{{env.npm_package_description}}</h3>\\n\\","<!-- utility2-comment\\n\\","<h4><a download href=\"assets.app.js\">download standalone app</a></h4>\\n\\","<button class=\"onclick onreset\" id=\"testRunButton1\">run internal test</button><br>\\n\\","<div id=\"testReportDiv1\" style=\"display: none;\"></div>\\n\\","utility2-comment -->\\n\\","\\n\\","\\n\\","\\n\\","<label>stderr and stdout</label>\\n\\","<textarea class=\"resettable\" id=\"outputTextareaStdout1\" readonly></textarea>\\n\\","<!-- utility2-comment\\n\\","{{#if isRollup}}\\n\\","<script src=\"assets.app.js\"></script>\\n\\","{{#unless isRollup}}\\n\\","utility2-comment -->\\n\\","<script src=\"assets.utility2.rollup.js\"></script>\\n\\","<script src=\"jsonp.utility2._stateInit?callback=window.utility2._stateInit\"></script>\\n\\","<script src=\"assets.npmtest_pagination.rollup.js\"></script>\\n\\","<script src=\"assets.example.js\"></script>\\n\\","<script src=\"assets.test.js\"></script>\\n\\","<!-- utility2-comment\\n\\","{{/if isRollup}}\\n\\","utility2-comment -->\\n\\","<div class=\"utility2FooterDiv\">\\n\\","    [ this app was created with\\n\\","    <a href=\"https://github.com/kaizhu256/node-utility2\" target=\"_blank\">utility2</a>\\n\\","    ]\\n\\","</div>\\n\\","</body>\\n\\","</html>\\n\\","';","        /* jslint-ignore-end */","        if (local.templateRender) {","            local.assetsDict['/'] = local.templateRender(","                local.assetsDict['/assets.index.template.html'],","                {","                    env: local.objectSetDefault(local.env, {","                        npm_package_description: 'the greatest app in the world!',","                        npm_package_name: 'my-app',","                        npm_package_nameAlias: 'my_app',","                        npm_package_version: '0.0.1'","                    })","                }","            );","        } else {","            local.assetsDict['/'] = local.assetsDict['/assets.index.template.html']","                .replace((/\\{\\{env\\.(\\w+?)\\}\\}/g), function (match0, match1) {","                    // jslint-hack","                    String(match0);","                    switch (match1) {","                    case 'npm_package_description':","                        return 'the greatest app in the world!';","                    case 'npm_package_name':","                        return 'my-app';","                    case 'npm_package_nameAlias':","                        return 'my_app';","                    case 'npm_package_version':","                        return '0.0.1';","                    }","                });","        }","        // run the cli","        if (local.global.utility2_rollup || module !== require.main) {","            break;","        }","        local.assetsDict['/assets.example.js'] =","            local.assetsDict['/assets.example.js'] ||","            local.fs.readFileSync(__filename, 'utf8');","        local.assetsDict['/assets.npmtest_pagination.rollup.js'] =","            local.assetsDict['/assets.npmtest_pagination.rollup.js'] ||","            local.fs.readFileSync(","                // buildCustomOrg-hack","                local.npmtest_pagination.__dirname +","                    '/lib.npmtest_pagination.js',","                'utf8'","            ).replace((/^#!/), '//');","        local.assetsDict['/favicon.ico'] = local.assetsDict['/favicon.ico'] || '';","        // if $npm_config_timeout_exit exists,","        // then exit this process after $npm_config_timeout_exit ms","        if (Number(process.env.npm_config_timeout_exit)) {","            setTimeout(process.exit, Number(process.env.npm_config_timeout_exit));","        }","        // start server","        if (local.global.utility2_serverHttp1) {","            break;","        }","        process.env.PORT = process.env.PORT || '8081';","        console.error('server starting on port ' + process.env.PORT);","        local.http.createServer(function (request, response) {","            request.urlParsed = local.url.parse(request.url);","            if (local.assetsDict[request.urlParsed.pathname] !== undefined) {","                response.end(local.assetsDict[request.urlParsed.pathname]);","                return;","            }","            response.statusCode = 404;","            response.end();","        }).listen(process.env.PORT);","        break;","    }","}());",""],"l":{"26":2,"28":2,"33":2,"35":2,"37":2,"38":2,"39":2,"44":1,"51":2,"55":2,"59":2,"61":2,"69":1,"70":2,"76":2,"79":2,"82":2,"83":2,"85":1,"89":2,"92":1,"93":1,"94":1,"96":1,"97":1,"100":1,"101":1,"103":1,"106":1,"108":2,"114":1,"116":1,"118":1,"123":1,"124":2,"125":2,"126":2,"127":2,"128":2,"129":2,"130":1,"133":2,"134":2,"139":2,"143":1,"144":3,"145":1,"149":1,"150":1,"158":1,"160":1,"161":1,"162":1,"164":1,"166":1,"258":1,"259":1,"271":1,"274":6,"275":6,"277":1,"279":2,"281":1,"283":2,"288":1,"289":1,"291":1,"294":1,"302":1,"305":1,"306":1,"309":1,"310":1,"312":1,"313":1,"314":1,"315":1,"316":1,"317":1,"318":1,"320":1,"321":1,"323":1}},"/home/travis/build/npmtest/node-npmtest-pagination/node_modules/pagination/index.js":{"path":"/home/travis/build/npmtest/node-npmtest-pagination/node_modules/pagination/index.js","s":{"1":1,"2":1,"3":1,"4":1,"5":1,"6":1,"7":1},"b":{},"f":{},"fnMap":{},"statementMap":{"1":{"start":{"line":1,"column":0},"end":{"line":1,"column":27}},"2":{"start":{"line":2,"column":0},"end":{"line":2,"column":45}},"3":{"start":{"line":3,"column":0},"end":{"line":3,"column":57}},"4":{"start":{"line":4,"column":0},"end":{"line":4,"column":59}},"5":{"start":{"line":5,"column":0},"end":{"line":5,"column":61}},"6":{"start":{"line":6,"column":0},"end":{"line":6,"column":51}},"7":{"start":{"line":8,"column":0},"end":{"line":8,"column":28}}},"branchMap":{},"code":["var util = require('util');","var pagination = require('./lib/pagination');","require('./lib/item_paginator').module(pagination, util);","require('./lib/search_paginator').module(pagination, util);","require('./lib/template_paginator').module(pagination, util);","require('./lib/template').module(pagination, util);","","module.exports = pagination;",""],"l":{"1":1,"2":1,"3":1,"4":1,"5":1,"6":1,"8":1}},"/home/travis/build/npmtest/node-npmtest-pagination/node_modules/pagination/lib/pagination.js":{"path":"/home/travis/build/npmtest/node-npmtest-pagination/node_modules/pagination/lib/pagination.js","s":{"1":1,"2":1,"3":1,"4":1,"5":1,"6":1,"7":6000001,"8":1,"9":2000000,"10":2000000,"11":2000000,"12":9000000,"13":2000000,"14":1,"15":1,"16":2000000,"17":2000000,"18":2000000,"19":2000000,"20":2000000,"21":2000000,"22":2000000,"23":2000000,"24":2000000,"25":2000000,"26":2000000,"27":0,"28":2000000,"29":2000000,"30":2000000,"31":0,"32":0,"33":0,"34":2000000,"35":0,"36":0,"37":2000000,"38":2000000,"39":2000000,"40":2000000,"41":0,"42":0,"43":0,"44":0,"45":2000000,"46":0,"47":0,"48":0,"49":0,"50":2000000,"51":6000000,"52":2000000,"53":2000000,"54":2000000,"55":2000000,"56":2000000,"57":2000000,"58":2000000,"59":2000000,"60":0,"61":2000000,"62":2000000,"63":10000000,"64":10000000,"65":7000000,"66":7000000,"67":0,"68":7000000,"69":0,"70":0,"71":0,"72":2000000,"73":2000000,"74":10000000,"75":10000000,"76":0,"77":2000000,"78":0,"79":0,"80":0,"81":2000000,"82":0,"83":0,"84":2000000,"85":2000000,"86":0,"87":1,"88":3,"89":0,"90":3,"91":1,"92":0,"93":0,"94":0},"b":{"1":[2000000,0],"2":[0,2000000],"3":[0,2000000],"4":[0,2000000],"5":[0,2000000],"6":[0,2000000],"7":[0,0],"8":[0,2000000],"9":[0,0],"10":[2000000,0],"11":[2000000,0],"12":[0,2000000],"13":[10000000,0],"14":[2000000,4000000,7000000,7000000,0,0,0,2000000],"15":[0,7000000],"16":[0,0],"17":[0,0,0,0],"18":[0,10000000],"19":[0,2000000],"20":[0,0],"21":[0,2000000],"22":[0,0],"23":[0,0],"24":[0,3],"25":[0,0]},"f":{"1":1,"2":6000001,"3":2000000,"4":2000000,"5":2000000,"6":10000000,"7":2000000,"8":0,"9":3,"10":0},"fnMap":{"1":{"name":"(anonymous_1)","line":1,"loc":{"start":{"line":1,"column":1},"end":{"line":1,"column":19}}},"2":{"name":"(anonymous_2)","line":19,"loc":{"start":{"line":19,"column":18},"end":{"line":19,"column":32}}},"3":{"name":"(anonymous_3)","line":22,"loc":{"start":{"line":22,"column":17},"end":{"line":22,"column":35}}},"4":{"name":"(anonymous_4)","line":46,"loc":{"start":{"line":46,"column":22},"end":{"line":46,"column":33}}},"5":{"name":"(anonymous_5)","line":52,"loc":{"start":{"line":52,"column":9},"end":{"line":52,"column":20}}},"6":{"name":"(anonymous_6)","line":131,"loc":{"start":{"line":131,"column":8},"end":{"line":131,"column":32}}},"7":{"name":"(anonymous_7)","line":160,"loc":{"start":{"line":160,"column":19},"end":{"line":160,"column":37}}},"8":{"name":"(anonymous_8)","line":177,"loc":{"start":{"line":177,"column":11},"end":{"line":177,"column":22}}},"9":{"name":"(anonymous_9)","line":181,"loc":{"start":{"line":181,"column":27},"end":{"line":181,"column":51}}},"10":{"name":"(anonymous_10)","line":187,"loc":{"start":{"line":187,"column":18},"end":{"line":187,"column":42}}}},"statementMap":{"1":{"start":{"line":1,"column":0},"end":{"line":194,"column":12}},"2":{"start":{"line":3,"column":1},"end":{"line":3,"column":20}},"3":{"start":{"line":5,"column":1},"end":{"line":11,"column":3}},"4":{"start":{"line":13,"column":1},"end":{"line":13,"column":75}},"5":{"start":{"line":15,"column":1},"end":{"line":17,"column":3}},"6":{"start":{"line":19,"column":1},"end":{"line":21,"column":3}},"7":{"start":{"line":20,"column":2},"end":{"line":20,"column":27}},"8":{"start":{"line":22,"column":1},"end":{"line":41,"column":3}},"9":{"start":{"line":23,"column":2},"end":{"line":23,"column":19}},"10":{"start":{"line":25,"column":2},"end":{"line":36,"column":4}},"11":{"start":{"line":37,"column":2},"end":{"line":39,"column":3}},"12":{"start":{"line":38,"column":3},"end":{"line":38,"column":39}},"13":{"start":{"line":40,"column":2},"end":{"line":40,"column":22}},"14":{"start":{"line":43,"column":1},"end":{"line":43,"column":31}},"15":{"start":{"line":45,"column":1},"end":{"line":180,"column":3}},"16":{"start":{"line":47,"column":3},"end":{"line":49,"column":4}},"17":{"start":{"line":48,"column":4},"end":{"line":48,"column":31}},"18":{"start":{"line":50,"column":3},"end":{"line":50,"column":23}},"19":{"start":{"line":53,"column":3},"end":{"line":53,"column":46}},"20":{"start":{"line":54,"column":3},"end":{"line":54,"column":42}},"21":{"start":{"line":55,"column":3},"end":{"line":55,"column":46}},"22":{"start":{"line":56,"column":3},"end":{"line":56,"column":38}},"23":{"start":{"line":57,"column":3},"end":{"line":57,"column":37}},"24":{"start":{"line":58,"column":3},"end":{"line":58,"column":61}},"25":{"start":{"line":59,"column":3},"end":{"line":71,"column":5}},"26":{"start":{"line":73,"column":3},"end":{"line":75,"column":4}},"27":{"start":{"line":74,"column":4},"end":{"line":74,"column":18}},"28":{"start":{"line":76,"column":3},"end":{"line":76,"column":52}},"29":{"start":{"line":77,"column":3},"end":{"line":77,"column":32}},"30":{"start":{"line":78,"column":3},"end":{"line":82,"column":4}},"31":{"start":{"line":79,"column":4},"end":{"line":79,"column":26}},"32":{"start":{"line":80,"column":4},"end":{"line":80,"column":34}},"33":{"start":{"line":81,"column":4},"end":{"line":81,"column":18}},"34":{"start":{"line":84,"column":3},"end":{"line":87,"column":4}},"35":{"start":{"line":85,"column":4},"end":{"line":85,"column":24}},"36":{"start":{"line":86,"column":4},"end":{"line":86,"column":29}},"37":{"start":{"line":88,"column":3},"end":{"line":88,"column":36}},"38":{"start":{"line":89,"column":3},"end":{"line":89,"column":30}},"39":{"start":{"line":90,"column":3},"end":{"line":90,"column":43}},"40":{"start":{"line":92,"column":3},"end":{"line":98,"column":4}},"41":{"start":{"line":93,"column":4},"end":{"line":93,"column":18}},"42":{"start":{"line":94,"column":4},"end":{"line":94,"column":39}},"43":{"start":{"line":95,"column":4},"end":{"line":97,"column":5}},"44":{"start":{"line":96,"column":5},"end":{"line":96,"column":25}},"45":{"start":{"line":100,"column":3},"end":{"line":106,"column":4}},"46":{"start":{"line":101,"column":4},"end":{"line":101,"column":24}},"47":{"start":{"line":102,"column":4},"end":{"line":102,"column":40}},"48":{"start":{"line":103,"column":4},"end":{"line":105,"column":5}},"49":{"start":{"line":104,"column":5},"end":{"line":104,"column":19}},"50":{"start":{"line":108,"column":3},"end":{"line":110,"column":4}},"51":{"start":{"line":109,"column":4},"end":{"line":109,"column":25}},"52":{"start":{"line":112,"column":3},"end":{"line":115,"column":4}},"53":{"start":{"line":113,"column":4},"end":{"line":113,"column":21}},"54":{"start":{"line":114,"column":4},"end":{"line":114,"column":34}},"55":{"start":{"line":117,"column":3},"end":{"line":120,"column":4}},"56":{"start":{"line":118,"column":4},"end":{"line":118,"column":28}},"57":{"start":{"line":119,"column":4},"end":{"line":119,"column":30}},"58":{"start":{"line":122,"column":3},"end":{"line":122,"column":55}},"59":{"start":{"line":123,"column":3},"end":{"line":127,"column":4}},"60":{"start":{"line":124,"column":4},"end":{"line":124,"column":34}},"61":{"start":{"line":126,"column":4},"end":{"line":126,"column":58}},"62":{"start":{"line":129,"column":3},"end":{"line":129,"column":17}},"63":{"start":{"line":132,"column":3},"end":{"line":158,"column":4}},"64":{"start":{"line":133,"column":4},"end":{"line":153,"column":5}},"65":{"start":{"line":138,"column":6},"end":{"line":138,"column":34}},"66":{"start":{"line":139,"column":6},"end":{"line":141,"column":7}},"67":{"start":{"line":140,"column":7},"end":{"line":140,"column":82}},"68":{"start":{"line":142,"column":6},"end":{"line":142,"column":12}},"69":{"start":{"line":144,"column":6},"end":{"line":146,"column":7}},"70":{"start":{"line":145,"column":7},"end":{"line":145,"column":56}},"71":{"start":{"line":147,"column":6},"end":{"line":147,"column":12}},"72":{"start":{"line":151,"column":6},"end":{"line":151,"column":28}},"73":{"start":{"line":152,"column":6},"end":{"line":152,"column":12}},"74":{"start":{"line":154,"column":4},"end":{"line":154,"column":33}},"75":{"start":{"line":155,"column":4},"end":{"line":157,"column":5}},"76":{"start":{"line":156,"column":5},"end":{"line":156,"column":25}},"77":{"start":{"line":161,"column":3},"end":{"line":166,"column":4}},"78":{"start":{"line":162,"column":4},"end":{"line":164,"column":5}},"79":{"start":{"line":163,"column":5},"end":{"line":163,"column":20}},"80":{"start":{"line":165,"column":4},"end":{"line":165,"column":54}},"81":{"start":{"line":167,"column":3},"end":{"line":173,"column":4}},"82":{"start":{"line":168,"column":4},"end":{"line":170,"column":5}},"83":{"start":{"line":169,"column":5},"end":{"line":169,"column":20}},"84":{"start":{"line":172,"column":4},"end":{"line":172,"column":19}},"85":{"start":{"line":175,"column":3},"end":{"line":175,"column":53}},"86":{"start":{"line":178,"column":3},"end":{"line":178,"column":32}},"87":{"start":{"line":181,"column":1},"end":{"line":186,"column":3}},"88":{"start":{"line":182,"column":2},"end":{"line":184,"column":3}},"89":{"start":{"line":183,"column":3},"end":{"line":183,"column":45}},"90":{"start":{"line":185,"column":2},"end":{"line":185,"column":28}},"91":{"start":{"line":187,"column":1},"end":{"line":193,"column":3}},"92":{"start":{"line":188,"column":2},"end":{"line":192,"column":3}},"93":{"start":{"line":189,"column":3},"end":{"line":189,"column":39}},"94":{"start":{"line":191,"column":3},"end":{"line":191,"column":67}}},"branchMap":{"1":{"line":47,"type":"if","locations":[{"start":{"line":47,"column":3},"end":{"line":47,"column":3}},{"start":{"line":47,"column":3},"end":{"line":47,"column":3}}]},"2":{"line":58,"type":"cond-expr","locations":[{"start":{"line":58,"column":46},"end":{"line":58,"column":47}},{"start":{"line":58,"column":50},"end":{"line":58,"column":51}}]},"3":{"line":73,"type":"if","locations":[{"start":{"line":73,"column":3},"end":{"line":73,"column":3}},{"start":{"line":73,"column":3},"end":{"line":73,"column":3}}]},"4":{"line":78,"type":"if","locations":[{"start":{"line":78,"column":3},"end":{"line":78,"column":3}},{"start":{"line":78,"column":3},"end":{"line":78,"column":3}}]},"5":{"line":84,"type":"if","locations":[{"start":{"line":84,"column":3},"end":{"line":84,"column":3}},{"start":{"line":84,"column":3},"end":{"line":84,"column":3}}]},"6":{"line":92,"type":"if","locations":[{"start":{"line":92,"column":3},"end":{"line":92,"column":3}},{"start":{"line":92,"column":3},"end":{"line":92,"column":3}}]},"7":{"line":95,"type":"if","locations":[{"start":{"line":95,"column":4},"end":{"line":95,"column":4}},{"start":{"line":95,"column":4},"end":{"line":95,"column":4}}]},"8":{"line":100,"type":"if","locations":[{"start":{"line":100,"column":3},"end":{"line":100,"column":3}},{"start":{"line":100,"column":3},"end":{"line":100,"column":3}}]},"9":{"line":103,"type":"if","locations":[{"start":{"line":103,"column":4},"end":{"line":103,"column":4}},{"start":{"line":103,"column":4},"end":{"line":103,"column":4}}]},"10":{"line":112,"type":"if","locations":[{"start":{"line":112,"column":3},"end":{"line":112,"column":3}},{"start":{"line":112,"column":3},"end":{"line":112,"column":3}}]},"11":{"line":117,"type":"if","locations":[{"start":{"line":117,"column":3},"end":{"line":117,"column":3}},{"start":{"line":117,"column":3},"end":{"line":117,"column":3}}]},"12":{"line":123,"type":"if","locations":[{"start":{"line":123,"column":3},"end":{"line":123,"column":3}},{"start":{"line":123,"column":3},"end":{"line":123,"column":3}}]},"13":{"line":132,"type":"if","locations":[{"start":{"line":132,"column":3},"end":{"line":132,"column":3}},{"start":{"line":132,"column":3},"end":{"line":132,"column":3}}]},"14":{"line":133,"type":"switch","locations":[{"start":{"line":134,"column":5},"end":{"line":134,"column":20}},{"start":{"line":135,"column":5},"end":{"line":135,"column":24}},{"start":{"line":136,"column":5},"end":{"line":136,"column":22}},{"start":{"line":137,"column":5},"end":{"line":142,"column":12}},{"start":{"line":143,"column":5},"end":{"line":147,"column":12}},{"start":{"line":148,"column":5},"end":{"line":148,"column":32}},{"start":{"line":149,"column":5},"end":{"line":149,"column":26}},{"start":{"line":150,"column":5},"end":{"line":152,"column":12}}]},"15":{"line":139,"type":"if","locations":[{"start":{"line":139,"column":6},"end":{"line":139,"column":6}},{"start":{"line":139,"column":6},"end":{"line":139,"column":6}}]},"16":{"line":144,"type":"if","locations":[{"start":{"line":144,"column":6},"end":{"line":144,"column":6}},{"start":{"line":144,"column":6},"end":{"line":144,"column":6}}]},"17":{"line":144,"type":"binary-expr","locations":[{"start":{"line":144,"column":12},"end":{"line":144,"column":17}},{"start":{"line":144,"column":21},"end":{"line":144,"column":38}},{"start":{"line":144,"column":42},"end":{"line":144,"column":52}},{"start":{"line":144,"column":56},"end":{"line":144,"column":67}}]},"18":{"line":155,"type":"if","locations":[{"start":{"line":155,"column":4},"end":{"line":155,"column":4}},{"start":{"line":155,"column":4},"end":{"line":155,"column":4}}]},"19":{"line":161,"type":"if","locations":[{"start":{"line":161,"column":3},"end":{"line":161,"column":3}},{"start":{"line":161,"column":3},"end":{"line":161,"column":3}}]},"20":{"line":162,"type":"if","locations":[{"start":{"line":162,"column":4},"end":{"line":162,"column":4}},{"start":{"line":162,"column":4},"end":{"line":162,"column":4}}]},"21":{"line":167,"type":"if","locations":[{"start":{"line":167,"column":3},"end":{"line":167,"column":3}},{"start":{"line":167,"column":3},"end":{"line":167,"column":3}}]},"22":{"line":168,"type":"if","locations":[{"start":{"line":168,"column":4},"end":{"line":168,"column":4}},{"start":{"line":168,"column":4},"end":{"line":168,"column":4}}]},"23":{"line":168,"type":"binary-expr","locations":[{"start":{"line":168,"column":7},"end":{"line":168,"column":42}},{"start":{"line":168,"column":46},"end":{"line":168,"column":81}}]},"24":{"line":182,"type":"if","locations":[{"start":{"line":182,"column":2},"end":{"line":182,"column":2}},{"start":{"line":182,"column":2},"end":{"line":182,"column":2}}]},"25":{"line":188,"type":"if","locations":[{"start":{"line":188,"column":2},"end":{"line":188,"column":2}},{"start":{"line":188,"column":2},"end":{"line":188,"column":2}}]}},"code":["(function(exports) {","\t\"use strict\";","\tvar factories = {};","\t","\tvar translations = {","\t\t'NEXT' : 'Next',","\t\t'PREVIOUS' : 'Previous',","\t\t'FIRST' : 'First',","\t\t'LAST' : 'Last',","\t\t'CURRENT_PAGE_REPORT' : 'Results {FromResult} - {ToResult} of {TotalResult}'","\t};","\t","\tvar translationKeys = exports.translationKeys = Object.keys(translations);","\t","\tvar translationCache = {","\t\tCURRENT_PAGE_REPORT : {}","\t};","","\tvar translator = function(str) {","\t\treturn translations[str];","\t};","\tvar Paginator = function(options) {","\t\tvar keys, i, len;","\t\t/* validate in this.set if needed */","\t\tthis.options = {","\t\t\ttotalResult : 0,","\t\t\tprelink : '',","\t\t\trowsPerPage : 10,","\t\t\tpageLinks : 5,","\t\t\tcurrent : 1,","\t\t\ttranslator : translator,","\t\t\ttranslationCache : false,","\t\t\ttranslationCacheKey : 'en',","\t\t\tpageParamName : 'page',","\t\t\tslashSeparator : false","\t\t};","\t\tfor( keys = Object.keys(options), i = 0, len = keys.length; i < len; i++) {","\t\t\tthis.set(keys[i], options[keys[i]]);","\t\t}","\t\tthis._result = null;","\t};","","\texports.Paginator = Paginator;","","\tPaginator.prototype = {","\t\tgetPaginationData : function() {","\t\t\tif(!this._result) {","\t\t\t\tthis._result = this.calc();","\t\t\t}","\t\t\treturn this._result;","\t\t},","\t\tcalc : function() {","\t\t\tvar totalResult = this.options.totalResult;","\t\t\tvar pageLinks = this.options.pageLinks;","\t\t\tvar rowsPerPage = this.options.rowsPerPage;","\t\t\tvar current = this.options.current;","\t\t\tvar startPage, endPage, pageCount;","\t\t\tvar oldPageLinks = (pageLinks % 2 === 0) ? 1 : 0, i, half;","\t\t\tvar result = {","\t\t\t\tprelink : this.options.prelink,","\t\t\t\tcurrent : current,","\t\t\t\tprevious : null,","\t\t\t\tnext : null,","\t\t\t\tfirst : null,","\t\t\t\tlast : null,","\t\t\t\trange : [],","\t\t\t\tfromResult : null,","\t\t\t\ttoResult : null,","\t\t\t\ttotalResult : totalResult,","\t\t\t\tpageCount : null","\t\t\t};","\t\t\t/* zero division; negative */","\t\t\tif(rowsPerPage <= 0) {","\t\t\t\treturn result;","\t\t\t}","\t\t\tpageCount = Math.ceil(totalResult / rowsPerPage);","\t\t\tresult.pageCount = pageCount;","\t\t\tif(pageCount < 2) {","\t\t\t\tresult.fromResult = 1;","\t\t\t\tresult.toResult = totalResult;","\t\t\t\treturn result;","\t\t\t}","","\t\t\tif(current > pageCount) {","\t\t\t\tcurrent = pageCount;","\t\t\t\tresult.current = current;","\t\t\t}","\t\t\thalf = Math.floor(pageLinks / 2);","\t\t\tstartPage = current - half;","\t\t\tendPage = current + half - oldPageLinks;","","\t\t\tif(startPage < 1) {","\t\t\t\tstartPage = 1;","\t\t\t\tendPage = startPage + pageLinks -1;","\t\t\t\tif(endPage > pageCount) {","\t\t\t\t\tendPage = pageCount;","\t\t\t\t}","\t\t\t}","","\t\t\tif(endPage > pageCount) {","\t\t\t\tendPage = pageCount;","\t\t\t\tstartPage = endPage - pageLinks + 1;","\t\t\t\tif(startPage < 1) {","\t\t\t\t\tstartPage = 1;","\t\t\t\t}","\t\t\t}","","\t\t\tfor( i = startPage; i <= endPage; i++) {","\t\t\t\tresult.range.push(i);","\t\t\t}","","\t\t\tif(current > 1) {","\t\t\t\tresult.first = 1;","\t\t\t\tresult.previous = current - 1;","\t\t\t}","","\t\t\tif(current < pageCount) {","\t\t\t\tresult.last = pageCount;","\t\t\t\tresult.next = current + 1;","\t\t\t}","","\t\t\tresult.fromResult = (current - 1) * rowsPerPage + 1;","\t\t\tif(current === pageCount) {","\t\t\t\tresult.toResult = totalResult;","\t\t\t} else {","\t\t\t\tresult.toResult = result.fromResult + rowsPerPage - 1;","\t\t\t}","","\t\t\treturn result;","\t\t},","\t\tset : function(option, value) {","\t\t\tif(this.options.hasOwnProperty(option)) {","\t\t\t\tswitch(option) {","\t\t\t\t\tcase 'current':","\t\t\t\t\tcase 'totalResult':","\t\t\t\t\tcase 'pageLinks':","\t\t\t\t\tcase 'rowsPerPage':","\t\t\t\t\t\tvalue = parseInt(value, 10);","\t\t\t\t\t\tif (isNaN(value)) {","\t\t\t\t\t\t\tthrow new Error('Invalid value for \"' + option + '\", expected an integer');","\t\t\t\t\t\t}","\t\t\t\t\t\tbreak;","\t\t\t\t\tcase 'translator':","\t\t\t\t\t\tif (!(value && value.constructor && value.call && value.apply)) {","\t\t\t\t\t\t\tthrow new Error('Translator must be a function');","\t\t\t\t\t\t}","\t\t\t\t\t\tbreak;","\t\t\t\t\tcase 'translationCacheKey':","\t\t\t\t\tcase 'pageParamName':","\t\t\t\t\tcase 'prelink':","\t\t\t\t\t\tvalue = String(value);","\t\t\t\t\t\tbreak;","\t\t\t\t}","\t\t\t\tthis.options[option] = value;","\t\t\t\tif (this._result) {","\t\t\t\t\tthis._result = null;","\t\t\t\t}","\t\t\t}","\t\t},","\t\tpreparePreLink : function(prelink) {","\t\t\tif (this.options.slashSeparator) {","\t\t\t\tif (prelink[prelink.length - 1] !== '/') {","\t\t\t\t\tprelink += '/';","\t\t\t\t}","\t\t\t\treturn prelink + this.options.pageParamName + '/';","\t\t\t}","\t\t\tif(prelink.indexOf('?') !== -1) {","\t\t\t\tif(prelink[prelink.length - 1] !== '?' && prelink[prelink.length - 1] !== '&') {","\t\t\t\t\tprelink += '&';","\t\t\t\t}","\t\t\t} else {","\t\t\t\tprelink += '?';","\t\t\t}","\t\t\t","\t\t\treturn prelink + this.options.pageParamName + '=';","\t\t},","\t\trender : function() {","\t\t\tthrow new Error('Implement');","\t\t}","\t};","\texports.registerFactory = function(type, factory) {","\t\tif (factories.hasOwnProperty(type)) {","\t\t\tthrow new Error(type + ' already exists');","\t\t}","\t\tfactories[type] = factory;","\t};","\texports.create = function(type, options) {","\t\tif (factories.hasOwnProperty(type)) {","\t\t\treturn new factories[type](options);","\t\t} else {","\t\t\tthrow new Error('Paginator type'+type+' not found in register');","\t\t}","\t};","})(exports);",""],"l":{"1":1,"3":1,"5":1,"13":1,"15":1,"19":1,"20":6000001,"22":1,"23":2000000,"25":2000000,"37":2000000,"38":9000000,"40":2000000,"43":1,"45":1,"47":2000000,"48":2000000,"50":2000000,"53":2000000,"54":2000000,"55":2000000,"56":2000000,"57":2000000,"58":2000000,"59":2000000,"73":2000000,"74":0,"76":2000000,"77":2000000,"78":2000000,"79":0,"80":0,"81":0,"84":2000000,"85":0,"86":0,"88":2000000,"89":2000000,"90":2000000,"92":2000000,"93":0,"94":0,"95":0,"96":0,"100":2000000,"101":0,"102":0,"103":0,"104":0,"108":2000000,"109":6000000,"112":2000000,"113":2000000,"114":2000000,"117":2000000,"118":2000000,"119":2000000,"122":2000000,"123":2000000,"124":0,"126":2000000,"129":2000000,"132":10000000,"133":10000000,"138":7000000,"139":7000000,"140":0,"142":7000000,"144":0,"145":0,"147":0,"151":2000000,"152":2000000,"154":10000000,"155":10000000,"156":0,"161":2000000,"162":0,"163":0,"165":0,"167":2000000,"168":0,"169":0,"172":2000000,"175":2000000,"178":0,"181":1,"182":3,"183":0,"185":3,"187":1,"188":0,"189":0,"191":0}},"/home/travis/build/npmtest/node-npmtest-pagination/node_modules/pagination/lib/item_paginator.js":{"path":"/home/travis/build/npmtest/node-npmtest-pagination/node_modules/pagination/lib/item_paginator.js","s":{"1":1,"2":2,"3":2,"4":1000000,"5":1000000,"6":2,"7":2,"8":1000000,"9":1000000,"10":0,"11":1000000,"12":1,"13":1,"14":1000000,"15":2,"16":1000000,"17":1000000,"18":1000000,"19":1000000,"20":1000000,"21":1000000,"22":1000000,"23":1000000,"24":0,"25":1000000,"26":1000000,"27":0,"28":1000000,"29":1000000,"30":0,"31":1000000,"32":1000000,"33":0,"34":1000000,"35":1000000,"36":2},"b":{"1":[0,1000000],"2":[1,999999],"3":[1000000,0],"4":[1000000,0],"5":[1000000,0],"6":[1000000,0]},"f":{"1":2,"2":1000000,"3":1000000,"4":1000000},"fnMap":{"1":{"name":"(anonymous_1)","line":1,"loc":{"start":{"line":1,"column":17},"end":{"line":1,"column":44}}},"2":{"name":"(anonymous_2)","line":6,"loc":{"start":{"line":6,"column":48},"end":{"line":6,"column":66}}},"3":{"name":"(anonymous_3)","line":11,"loc":{"start":{"line":11,"column":51},"end":{"line":11,"column":95}}},"4":{"name":"(anonymous_4)","line":22,"loc":{"start":{"line":22,"column":34},"end":{"line":22,"column":45}}}},"statementMap":{"1":{"start":{"line":1,"column":0},"end":{"line":57,"column":2}},"2":{"start":{"line":3,"column":1},"end":{"line":5,"column":3}},"3":{"start":{"line":6,"column":1},"end":{"line":9,"column":3}},"4":{"start":{"line":7,"column":2},"end":{"line":7,"column":43}},"5":{"start":{"line":8,"column":2},"end":{"line":8,"column":27}},"6":{"start":{"line":10,"column":1},"end":{"line":10,"column":52}},"7":{"start":{"line":11,"column":1},"end":{"line":21,"column":3}},"8":{"start":{"line":12,"column":2},"end":{"line":12,"column":15}},"9":{"start":{"line":13,"column":2},"end":{"line":15,"column":3}},"10":{"start":{"line":14,"column":3},"end":{"line":14,"column":163}},"11":{"start":{"line":16,"column":2},"end":{"line":19,"column":3}},"12":{"start":{"line":17,"column":3},"end":{"line":17,"column":238}},"13":{"start":{"line":18,"column":3},"end":{"line":18,"column":136}},"14":{"start":{"line":20,"column":2},"end":{"line":20,"column":115}},"15":{"start":{"line":22,"column":1},"end":{"line":55,"column":3}},"16":{"start":{"line":23,"column":2},"end":{"line":23,"column":40}},"17":{"start":{"line":24,"column":2},"end":{"line":24,"column":52}},"18":{"start":{"line":25,"column":2},"end":{"line":25,"column":39}},"19":{"start":{"line":26,"column":2},"end":{"line":26,"column":52}},"20":{"start":{"line":27,"column":2},"end":{"line":27,"column":95}},"21":{"start":{"line":28,"column":2},"end":{"line":28,"column":20}},"22":{"start":{"line":30,"column":2},"end":{"line":34,"column":3}},"23":{"start":{"line":31,"column":3},"end":{"line":31,"column":123}},"24":{"start":{"line":33,"column":3},"end":{"line":33,"column":91}},"25":{"start":{"line":36,"column":2},"end":{"line":40,"column":3}},"26":{"start":{"line":37,"column":3},"end":{"line":37,"column":132}},"27":{"start":{"line":39,"column":3},"end":{"line":39,"column":97}},"28":{"start":{"line":42,"column":2},"end":{"line":46,"column":3}},"29":{"start":{"line":43,"column":3},"end":{"line":43,"column":120}},"30":{"start":{"line":45,"column":3},"end":{"line":45,"column":89}},"31":{"start":{"line":48,"column":2},"end":{"line":52,"column":3}},"32":{"start":{"line":49,"column":3},"end":{"line":49,"column":120}},"33":{"start":{"line":51,"column":3},"end":{"line":51,"column":89}},"34":{"start":{"line":53,"column":2},"end":{"line":53,"column":19}},"35":{"start":{"line":54,"column":2},"end":{"line":54,"column":14}},"36":{"start":{"line":56,"column":1},"end":{"line":56,"column":51}}},"branchMap":{"1":{"line":13,"type":"if","locations":[{"start":{"line":13,"column":2},"end":{"line":13,"column":2}},{"start":{"line":13,"column":2},"end":{"line":13,"column":2}}]},"2":{"line":16,"type":"if","locations":[{"start":{"line":16,"column":2},"end":{"line":16,"column":2}},{"start":{"line":16,"column":2},"end":{"line":16,"column":2}}]},"3":{"line":30,"type":"if","locations":[{"start":{"line":30,"column":2},"end":{"line":30,"column":2}},{"start":{"line":30,"column":2},"end":{"line":30,"column":2}}]},"4":{"line":36,"type":"if","locations":[{"start":{"line":36,"column":2},"end":{"line":36,"column":2}},{"start":{"line":36,"column":2},"end":{"line":36,"column":2}}]},"5":{"line":42,"type":"if","locations":[{"start":{"line":42,"column":2},"end":{"line":42,"column":2}},{"start":{"line":42,"column":2},"end":{"line":42,"column":2}}]},"6":{"line":48,"type":"if","locations":[{"start":{"line":48,"column":2},"end":{"line":48,"column":2}},{"start":{"line":48,"column":2},"end":{"line":48,"column":2}}]}},"code":["exports.module = function(pagination, util) {","\t\"use strict\";","\tvar translationCache = {","\t\tCURRENT_PAGE_REPORT : {}","\t};","\tvar ItemPaginator = pagination.ItemPaginator = function(options) {","\t\tpagination.Paginator.call(this, options);","\t\tthis.set('pageLinks', 1);","\t};","\tutil.inherits(ItemPaginator, pagination.Paginator);","\tItemPaginator.prototype.renderCurrentPageReport = function(fromResult, toResult, totalResult) {","\t\tvar template;","\t\tif(!this.options.translationCache) {","\t\t\treturn this.options.translator('CURRENT_PAGE_REPORT').replace('{FromResult}', fromResult).replace('{ToResult}', toResult).replace('{TotalResult}', totalResult);","\t\t}","\t\tif(!translationCache.CURRENT_PAGE_REPORT.hasOwnProperty(this.options.translationCacheKey)) {","\t\t\ttemplate = \"return '\" + (this.options.translator('CURRENT_PAGE_REPORT').replace(\"'\", \"\\'\").replace('{FromResult}', \"' + fromResult + '\").replace('{ToResult}', \"' + toResult + '\").replace('{TotalResult}', \"' + totalResult + '\")) + \"';\";","\t\t\ttranslationCache.CURRENT_PAGE_REPORT[this.options.translationCacheKey] = new Function('fromResult, toResult, totalResult', template);","\t\t}","\t\treturn translationCache.CURRENT_PAGE_REPORT[this.options.translationCacheKey](fromResult, toResult, totalResult);","\t};","\tItemPaginator.prototype.render = function() {","\t\tvar result = this.getPaginationData();","\t\tvar prelink = this.preparePreLink(result.prelink);","\t\tvar html = '<div class=\"paginator\">';","\t\thtml += '<span class=\"paginator-current-report\">';","\t\thtml += this.renderCurrentPageReport(result.fromResult, result.toResult, result.totalResult);","\t\thtml += '</span>';","","\t\tif(result.first) {","\t\t\thtml += '<a href=\"' + prelink + result.first + '\" class=\"paginator-first\">' + this.options.translator('FIRST') + '</a>';","\t\t} else {","\t\t\thtml += '<span class=\"paginator-first\">' + this.options.translator('FIRST') + '</span>';","\t\t}","","\t\tif(result.previous) {","\t\t\thtml += '<a href=\"' + prelink + result.previous + '\" class=\"paginator-previous\">' + this.options.translator('PREVIOUS') + '</a>';","\t\t} else {","\t\t\thtml += '<span class=\"paginator-previous\">' + this.options.translator('PREVIOUS') + '</span>';","\t\t}","","\t\tif(result.next) {","\t\t\thtml += '<a href=\"' + prelink + result.next + '\" class=\"paginator-next\">' + this.options.translator('NEXT') + '</a>';","\t\t} else {","\t\t\thtml += '<span class=\"paginator-next\">' + this.options.translator('NEXT') + '</span>';","\t\t}","","\t\tif(result.last) {","\t\t\thtml += '<a href=\"' + prelink + result.last + '\" class=\"paginator-last\">' + this.options.translator('LAST') + '</a>';","\t\t} else {","\t\t\thtml += '<span class=\"paginator-last\">' + this.options.translator('LAST') + '</span>';","\t\t}","\t\thtml += '</div>';","\t\treturn html;","\t};","\tpagination.registerFactory('item', ItemPaginator);","};",""],"l":{"1":1,"3":2,"6":2,"7":1000000,"8":1000000,"10":2,"11":2,"12":1000000,"13":1000000,"14":0,"16":1000000,"17":1,"18":1,"20":1000000,"22":2,"23":1000000,"24":1000000,"25":1000000,"26":1000000,"27":1000000,"28":1000000,"30":1000000,"31":1000000,"33":0,"36":1000000,"37":1000000,"39":0,"42":1000000,"43":1000000,"45":0,"48":1000000,"49":1000000,"51":0,"53":1000000,"54":1000000,"56":2}},"/home/travis/build/npmtest/node-npmtest-pagination/node_modules/pagination/lib/search_paginator.js":{"path":"/home/travis/build/npmtest/node-npmtest-pagination/node_modules/pagination/lib/search_paginator.js","s":{"1":1,"2":2,"3":1000000,"4":2,"5":2,"6":2,"7":1000000,"8":1000000,"9":1000000,"10":1000000,"11":0,"12":0,"13":1000000,"14":1000000,"15":1000000,"16":1000000,"17":1000000,"18":5000000,"19":5000000,"20":1000000,"21":5000000,"22":1000000,"23":4000000,"24":1000000,"25":5000000,"26":1000000,"27":1000000,"28":1000000,"29":1000000,"30":2},"b":{"1":[0,1000000],"2":[1000000,0],"3":[1000000,0],"4":[1000000,4000000],"5":[1000000,4000000],"6":[1000000,3000000],"7":[1000000,0]},"f":{"1":2,"2":1000000,"3":1000000},"fnMap":{"1":{"name":"(anonymous_1)","line":1,"loc":{"start":{"line":1,"column":17},"end":{"line":1,"column":44}}},"2":{"name":"(anonymous_2)","line":3,"loc":{"start":{"line":3,"column":23},"end":{"line":3,"co
[...]
he above copyright notice and this permission notice shall be included","// in all copies or substantial portions of the Software.","//","// THE SOFTWARE IS PROVIDED \"AS IS\", WITHOUT WARRANTY OF ANY KIND, EXPRESS","// OR IMPLIED, INCLUDING BUT NOT LIMITED TO THE WARRANTIES OF","// MERCHANTABILITY, FITNESS FOR A PARTICULAR PURPOSE AND NONINFRINGEMENT. IN","// NO EVENT SHALL THE AUTHORS OR COPYRIGHT HOLDERS BE LIABLE FOR ANY CLAIM,","// DAMAGES OR OTHER LIABILITY, WHETHER IN AN ACTION OF CONTRACT, TORT OR","// OTHERWISE, ARISING FROM, OUT OF OR IN CONNECTION WITH THE SOFTWARE OR THE","// USE OR OTHER DEALINGS IN THE SOFTWARE.","","var formatRegExp = /%[sdj%]/g;","exports.format = function(f) {","  if (!isString(f)) {","    var objects = [];","    for (var i = 0; i < arguments.length; i++) {","      objects.push(inspect(arguments[i]));","    }","    return objects.join(' ');","  }","","  var i = 1;","  var args = arguments;","  var len = args.length;","  var str = String(f).replace(formatRegExp, function(x) {","    if (x === '%%') return '%';","    if (i >= len) return x;","    switch (x) {","      case '%s': return String(args[i++]);","      case '%d': return Number(args[i++]);","      case '%j':","        try {","          return JSON.stringify(args[i++]);","        } catch (_) {","          return '[Circular]';","        }","      default:","        return x;","    }","  });","  for (var x = args[i]; i < len; x = args[++i]) {","    if (isNull(x) || !isObject(x)) {","      str += ' ' + x;","    } else {","      str += ' ' + inspect(x);","    }","  }","  return str;","};","","","// Mark that a method should not be used.","// Returns a modified function which warns once by default.","// If --no-deprecation is set, then it is a no-op.","exports.deprecate = function(fn, msg) {","  // Allow for deprecating things in the process of starting up.","  if (isUndefined(global.process)) {","    return function() {","      return exports.deprecate(fn, msg).apply(this, arguments);","    };","  }","","  if (process.noDeprecation === true) {","    return fn;","  }","","  var warned = false;","  function deprecated() {","    if (!warned) {","      if (process.throwDeprecation) {","        throw new Error(msg);","      } else if (process.traceDeprecation) {","        console.trace(msg);","      } else {","        console.error(msg);","      }","      warned = true;","    }","    return fn.apply(this, arguments);","  }","","  return deprecated;","};","","","var debugs = {};","var debugEnviron;","exports.debuglog = function(set) {","  if (isUndefined(debugEnviron))","    debugEnviron = process.env.NODE_DEBUG || '';","  set = set.toUpperCase();","  if (!debugs[set]) {","    if (new RegExp('\\\\b' + set + '\\\\b', 'i').test(debugEnviron)) {","      var pid = process.pid;","      debugs[set] = function() {","        var msg = exports.format.apply(exports, arguments);","        console.error('%s %d: %s', set, pid, msg);","      };","    } else {","      debugs[set] = function() {};","    }","  }","  return debugs[set];","};","","","/**"," * Echos the value of a value. Trys to print the value out"," * in the best way possible given the different types."," *"," * @param {Object} obj The object to print out."," * @param {Object} opts Optional options object that alters the output."," */","/* legacy: obj, showHidden, depth, colors*/","function inspect(obj, opts) {","  // default options","  var ctx = {","    seen: [],","    stylize: stylizeNoColor","  };","  // legacy...","  if (arguments.length >= 3) ctx.depth = arguments[2];","  if (arguments.length >= 4) ctx.colors = arguments[3];","  if (isBoolean(opts)) {","    // legacy...","    ctx.showHidden = opts;","  } else if (opts) {","    // got an \"options\" object","    exports._extend(ctx, opts);","  }","  // set default options","  if (isUndefined(ctx.showHidden)) ctx.showHidden = false;","  if (isUndefined(ctx.depth)) ctx.depth = 2;","  if (isUndefined(ctx.colors)) ctx.colors = false;","  if (isUndefined(ctx.customInspect)) ctx.customInspect = true;","  if (ctx.colors) ctx.stylize = stylizeWithColor;","  return formatValue(ctx, obj, ctx.depth);","}","exports.inspect = inspect;","","","// http://en.wikipedia.org/wiki/ANSI_escape_code#graphics","inspect.colors = {","  'bold' : [1, 22],","  'italic' : [3, 23],","  'underline' : [4, 24],","  'inverse' : [7, 27],","  'white' : [37, 39],","  'grey' : [90, 39],","  'black' : [30, 39],","  'blue' : [34, 39],","  'cyan' : [36, 39],","  'green' : [32, 39],","  'magenta' : [35, 39],","  'red' : [31, 39],","  'yellow' : [33, 39]","};","","// Don't use 'blue' not visible on cmd.exe","inspect.styles = {","  'special': 'cyan',","  'number': 'yellow',","  'boolean': 'yellow',","  'undefined': 'grey',","  'null': 'bold',","  'string': 'green',","  'date': 'magenta',","  // \"name\": intentionally not styling","  'regexp': 'red'","};","","","function stylizeWithColor(str, styleType) {","  var style = inspect.styles[styleType];","","  if (style) {","    return '\\u001b[' + inspect.colors[style][0] + 'm' + str +","           '\\u001b[' + inspect.colors[style][1] + 'm';","  } else {","    return str;","  }","}","","","function stylizeNoColor(str, styleType) {","  return str;","}","","","function arrayToHash(array) {","  var hash = {};","","  array.forEach(function(val, idx) {","    hash[val] = true;","  });","","  return hash;","}","","","function formatValue(ctx, value, recurseTimes) {","  // Provide a hook for user-specified inspect functions.","  // Check that value is an object with an inspect function on it","  if (ctx.customInspect &&","      value &&","      isFunction(value.inspect) &&","      // Filter out the util module, it's inspect function is special","      value.inspect !== exports.inspect &&","      // Also filter out any prototype objects using the circular check.","      !(value.constructor && value.constructor.prototype === value)) {","    var ret = value.inspect(recurseTimes, ctx);","    if (!isString(ret)) {","      ret = formatValue(ctx, ret, recurseTimes);","    }","    return ret;","  }","","  // Primitive types cannot have properties","  var primitive = formatPrimitive(ctx, value);","  if (primitive) {","    return primitive;","  }","","  // Look up the keys of the object.","  var keys = Object.keys(value);","  var visibleKeys = arrayToHash(keys);","","  if (ctx.showHidden) {","    keys = Object.getOwnPropertyNames(value);","  }","","  // IE doesn't make error fields non-enumerable","  // http://msdn.microsoft.com/en-us/library/ie/dww52sbt(v=vs.94).aspx","  if (isError(value)","      && (keys.indexOf('message') >= 0 || keys.indexOf('description') >= 0)) {","    return formatError(value);","  }","","  // Some type of object without properties can be shortcutted.","  if (keys.length === 0) {","    if (isFunction(value)) {","      var name = value.name ? ': ' + value.name : '';","      return ctx.stylize('[Function' + name + ']', 'special');","    }","    if (isRegExp(value)) {","      return ctx.stylize(RegExp.prototype.toString.call(value), 'regexp');","    }","    if (isDate(value)) {","      return ctx.stylize(Date.prototype.toString.call(value), 'date');","    }","    if (isError(value)) {","      return formatError(value);","    }","  }","","  var base = '', array = false, braces = ['{', '}'];","","  // Make Array say that they are Array","  if (isArray(value)) {","    array = true;","    braces = ['[', ']'];","  }","","  // Make functions say that they are functions","  if (isFunction(value)) {","    var n = value.name ? ': ' + value.name : '';","    base = ' [Function' + n + ']';","  }","","  // Make RegExps say that they are RegExps","  if (isRegExp(value)) {","    base = ' ' + RegExp.prototype.toString.call(value);","  }","","  // Make dates with properties first say the date","  if (isDate(value)) {","    base = ' ' + Date.prototype.toUTCString.call(value);","  }","","  // Make error with message first say the error","  if (isError(value)) {","    base = ' ' + formatError(value);","  }","","  if (keys.length === 0 && (!array || value.length == 0)) {","    return braces[0] + base + braces[1];","  }","","  if (recurseTimes < 0) {","    if (isRegExp(value)) {","      return ctx.stylize(RegExp.prototype.toString.call(value), 'regexp');","    } else {","      return ctx.stylize('[Object]', 'special');","    }","  }","","  ctx.seen.push(value);","","  var output;","  if (array) {","    output = formatArray(ctx, value, recurseTimes, visibleKeys, keys);","  } else {","    output = keys.map(function(key) {","      return formatProperty(ctx, value, recurseTimes, visibleKeys, key, array);","    });","  }","","  ctx.seen.pop();","","  return reduceToSingleString(output, base, braces);","}","","","function formatPrimitive(ctx, value) {","  if (isUndefined(value))","    return ctx.stylize('undefined', 'undefined');","  if (isString(value)) {","    var simple = '\\'' + JSON.stringify(value).replace(/^\"|\"$/g, '')","                                             .replace(/'/g, \"\\\\'\")","                                             .replace(/\\\\\"/g, '\"') + '\\'';","    return ctx.stylize(simple, 'string');","  }","  if (isNumber(value))","    return ctx.stylize('' + value, 'number');","  if (isBoolean(value))","    return ctx.stylize('' + value, 'boolean');","  // For some reason typeof null is \"object\", so special case here.","  if (isNull(value))","    return ctx.stylize('null', 'null');","}","","","function formatError(value) {","  return '[' + Error.prototype.toString.call(value) + ']';","}","","","function formatArray(ctx, value, recurseTimes, visibleKeys, keys) {","  var output = [];","  for (var i = 0, l = value.length; i < l; ++i) {","    if (hasOwnProperty(value, String(i))) {","      output.push(formatProperty(ctx, value, recurseTimes, visibleKeys,","          String(i), true));","    } else {","      output.push('');","    }","  }","  keys.forEach(function(key) {","    if (!key.match(/^\\d+$/)) {","      output.push(formatProperty(ctx, value, recurseTimes, visibleKeys,","          key, true));","    }","  });","  return output;","}","","","function formatProperty(ctx, value, recurseTimes, visibleKeys, key, array) {","  var name, str, desc;","  desc = Object.getOwnPropertyDescriptor(value, key) || { value: value[key] };","  if (desc.get) {","    if (desc.set) {","      str = ctx.stylize('[Getter/Setter]', 'special');","    } else {","      str = ctx.stylize('[Getter]', 'special');","    }","  } else {","    if (desc.set) {","      str = ctx.stylize('[Setter]', 'special');","    }","  }","  if (!hasOwnProperty(visibleKeys, key)) {","    name = '[' + key + ']';","  }","  if (!str) {","    if (ctx.seen.indexOf(desc.value) < 0) {","      if (isNull(recurseTimes)) {","        str = formatValue(ctx, desc.value, null);","      } else {","        str = formatValue(ctx, desc.value, recurseTimes - 1);","      }","      if (str.indexOf('\\n') > -1) {","        if (array) {","          str = str.split('\\n').map(function(line) {","            return '  ' + line;","          }).join('\\n').substr(2);","        } else {","          str = '\\n' + str.split('\\n').map(function(line) {","            return '   ' + line;","          }).join('\\n');","        }","      }","    } else {","      str = ctx.stylize('[Circular]', 'special');","    }","  }","  if (isUndefined(name)) {","    if (array && key.match(/^\\d+$/)) {","      return str;","    }","    name = JSON.stringify('' + key);","    if (name.match(/^\"([a-zA-Z_][a-zA-Z_0-9]*)\"$/)) {","      name = name.substr(1, name.length - 2);","      name = ctx.stylize(name, 'name');","    } else {","      name = name.replace(/'/g, \"\\\\'\")","                 .replace(/\\\\\"/g, '\"')","                 .replace(/(^\"|\"$)/g, \"'\");","      name = ctx.stylize(name, 'string');","    }","  }","","  return name + ': ' + str;","}","","","function reduceToSingleString(output, base, braces) {","  var numLinesEst = 0;","  var length = output.reduce(function(prev, cur) {","    numLinesEst++;","    if (cur.indexOf('\\n') >= 0) numLinesEst++;","    return prev + cur.replace(/\\u001b\\[\\d\\d?m/g, '').length + 1;","  }, 0);","","  if (length > 60) {","    return braces[0] +","           (base === '' ? '' : base + '\\n ') +","           ' ' +","           output.join(',\\n  ') +","           ' ' +","           braces[1];","  }","","  return braces[0] + base + ' ' + output.join(', ') + ' ' + braces[1];","}","","","// NOTE: These type checking functions intentionally don't use `instanceof`","// because it is fragile and can be easily faked with `Object.create()`.","function isArray(ar) {","  return Array.isArray(ar);","}","exports.isArray = isArray;","","function isBoolean(arg) {","  return typeof arg === 'boolean';","}","exports.isBoolean = isBoolean;","","function isNull(arg) {","  return arg === null;","}","exports.isNull = isNull;","","function isNullOrUndefined(arg) {","  return arg == null;","}","exports.isNullOrUndefined = isNullOrUndefined;","","function isNumber(arg) {","  return typeof arg === 'number';","}","exports.isNumber = isNumber;","","function isString(arg) {","  return typeof arg === 'string';","}","exports.isString = isString;","","function isSymbol(arg) {","  return typeof arg === 'symbol';","}","exports.isSymbol = isSymbol;","","function isUndefined(arg) {","  return arg === void 0;","}","exports.isUndefined = isUndefined;","","function isRegExp(re) {","  return isObject(re) && objectToString(re) === '[object RegExp]';","}","exports.isRegExp = isRegExp;","","function isObject(arg) {","  return typeof arg === 'object' && arg !== null;","}","exports.isObject = isObject;","","function isDate(d) {","  return isObject(d) && objectToString(d) === '[object Date]';","}","exports.isDate = isDate;","","function isError(e) {","  return isObject(e) &&","      (objectToString(e) === '[object Error]' || e instanceof Error);","}","exports.isError = isError;","","function isFunction(arg) {","  return typeof arg === 'function';","}","exports.isFunction = isFunction;","","function isPrimitive(arg) {","  return arg === null ||","         typeof arg === 'boolean' ||","         typeof arg === 'number' ||","         typeof arg === 'string' ||","         typeof arg === 'symbol' ||  // ES6 symbol","         typeof arg === 'undefined';","}","exports.isPrimitive = isPrimitive;","","exports.isBuffer = require('./support/isBuffer');","","function objectToString(o) {","  return Object.prototype.toString.call(o);","}","","","function pad(n) {","  return n < 10 ? '0' + n.toString(10) : n.toString(10);","}","","","var months = ['Jan', 'Feb', 'Mar', 'Apr', 'May', 'Jun', 'Jul', 'Aug', 'Sep',","              'Oct', 'Nov', 'Dec'];","","// 26 Feb 16:19:34","function timestamp() {","  var d = new Date();","  var time = [pad(d.getHours()),","              pad(d.getMinutes()),","              pad(d.getSeconds())].join(':');","  return [d.getDate(), months[d.getMonth()], time].join(' ');","}","","","// log is just a thin wrapper to console.log that prepends a timestamp","exports.log = function() {","  console.log('%s - %s', timestamp(), exports.format.apply(exports, arguments));","};","","","/**"," * Inherit the prototype methods from one constructor into another."," *"," * The Function.prototype.inherits from lang.js rewritten as a standalone"," * function (not on Function.prototype). NOTE: If this file is to be loaded"," * during bootstrapping this function needs to be rewritten using some native"," * functions as prototype setup using normal JavaScript does not work as"," * expected during bootstrapping (see mirror.js in r114903)."," *"," * @param {function} ctor Constructor function which needs to inherit the"," *     prototype."," * @param {function} superCtor Constructor function to inherit prototype from."," */","exports.inherits = require('inherits');","","exports._extend = function(origin, add) {","  // Don't do anything if add isn't an object","  if (!add || !isObject(add)) return origin;","","  var keys = Object.keys(add);","  var i = keys.length;","  while (i--) {","    origin[keys[i]] = add[keys[i]];","  }","  return origin;","};","","function hasOwnProperty(obj, prop) {","  return Object.prototype.hasOwnProperty.call(obj, prop);","}","","}).call(this,require('_process'),typeof global !== \"undefined\" ? global : typeof self !== \"undefined\" ? self : typeof window !== \"undefined\" ? window : {})","},{\"./support/isBuffer\":5,\"_process\":4,\"inherits\":3}]},{},[1]);",""],"l":{"1":10,"2":1,"3":1,"4":1,"5":1,"6":1,"7":4,"8":4,"11":1,"14":1,"16":1,"18":1,"26":1,"28":1,"32":1,"33":0,"35":1,"36":0,"38":0,"50":0,"51":0,"53":0,"56":1,"58":1,"60":0,"61":0,"63":0,"66":0,"67":0,"68":0,"69":0,"70":0,"71":0,"72":0,"86":0,"87":0,"89":0,"90":0,"91":0,"92":0,"93":0,"94":0,"97":0,"98":0,"99":0,"101":0,"102":0,"103":0,"105":0,"106":0,"107":0,"108":0,"109":0,"113":0,"114":0,"115":0,"116":0,"117":0,"121":0,"122":0,"125":0,"126":0,"127":0,"130":0,"131":0,"132":0,"135":0,"136":0,"137":0,"139":0,"142":0,"145":0,"146":0,"151":0,"152":0,"153":0,"155":0,"157":0,"158":0,"160":0,"164":0,"165":0,"167":0,"168":0,"169":0,"174":0,"175":0,"176":0,"178":0,"180":0,"181":0,"182":0,"185":0,"188":0,"191":0,"194":1,"195":3,"196":0,"198":3,"200":1,"201":0,"202":0,"204":0,"210":1,"212":1,"213":3,"214":3,"225":0,"226":0,"227":0,"228":0,"229":0,"230":0,"237":1,"238":1,"239":1,"240":1,"241":1,"243":1,"244":0,"245":0,"246":0,"248":0,"250":0,"251":0,"255":1,"256":0,"257":0,"259":0,"260":0,"262":0,"263":0,"264":0,"265":0,"266":0,"267":0,"269":0,"270":0,"272":0,"273":0,"274":0,"277":1,"278":0,"279":0,"280":0,"281":0,"284":0,"285":0,"286":0,"291":1,"292":0,"293":0,"295":1,"296":0,"298":1,"299":1,"300":1,"301":1,"302":1,"303":1,"305":1,"307":1,"308":1,"309":1,"310":1,"311":1,"312":1,"313":1,"315":1,"316":0,"320":1,"321":1,"322":0,"324":1,"327":1,"328":0,"334":1,"356":1,"357":1,"358":0,"359":0,"360":0,"361":0,"363":0,"366":0,"367":0,"368":0,"369":0,"370":0,"371":0,"372":0,"373":0,"374":0,"376":0,"377":0,"379":0,"382":0,"385":0,"386":0,"387":0,"389":0,"392":0,"399":1,"401":0,"402":0,"403":0,"407":0,"408":0,"411":0,"412":1,"413":0,"414":0,"415":0,"416":0,"417":0,"419":0,"421":0,"423":0,"426":0,"430":1,"431":1,"432":1,"433":0,"434":0,"435":0,"436":0,"437":0,"438":0,"439":0,"440":0,"441":0,"444":0,"447":0,"459":1,"461":0,"466":0,"467":0,"468":0,"470":0,"471":0,"473":0,"476":0,"477":0,"478":0,"479":0,"480":0,"481":0,"483":1,"487":1,"504":1,"517":1,"518":0,"520":0,"521":0,"524":0,"529":1,"530":0,"534":1,"535":0,"537":0,"538":0,"541":0,"545":1,"548":0,"555":0,"556":0,"557":0,"559":0,"563":0,"564":0,"565":0,"569":0,"570":0,"572":0,"573":0,"578":0,"580":0,"584":0,"585":0,"586":0,"587":0,"589":0,"590":0,"592":0,"593":0,"595":0,"596":0,"600":0,"603":0,"604":0,"605":0,"609":0,"610":0,"611":0,"615":0,"616":0,"620":0,"621":0,"625":0,"626":0,"629":0,"630":0,"633":0,"634":0,"635":0,"637":0,"641":0,"643":0,"644":0,"645":0,"647":0,"648":0,"652":0,"654":0,"658":1,"659":0,"660":0,"661":0,"662":0,"665":0,"667":0,"668":0,"669":0,"670":0,"672":0,"673":0,"677":1,"678":0,"682":1,"683":0,"684":0,"685":0,"686":0,"689":0,"692":0,"693":0,"694":0,"698":0,"702":1,"703":0,"704":0,"705":0,"706":0,"707":0,"709":0,"712":0,"713":0,"716":0,"717":0,"719":0,"720":0,"721":0,"722":0,"724":0,"726":0,"727":0,"728":0,"729":0,"732":0,"733":0,"738":0,"741":0,"742":0,"743":0,"745":0,"746":0,"747":0,"748":0,"750":0,"753":0,"757":0,"761":1,"762":0,"763":0,"764":0,"765":0,"766":0,"769":0,"770":0,"778":0,"784":1,"785":0,"787":1,"789":1,"790":0,"792":1,"794":1,"795":0,"797":1,"799":1,"800":0,"802":1,"804":1,"805":0,"807":1,"809":1,"810":0,"812":1,"814":1,"815":0,"817":1,"819":1,"820":0,"822":1,"824":1,"825":0,"827":1,"829":1,"830":0,"832":1,"834":1,"835":0,"837":1,"839":1,"840":0,"843":1,"845":1,"846":0,"848":1,"850":1,"851":0,"858":1,"860":1,"862":1,"863":0,"867":1,"868":0,"872":1,"876":1,"877":0,"878":0,"881":0,"886":1,"887":0,"904":1,"906":1,"908":0,"910":0,"911":0,"912":0,"913":0,"915":0,"918":1,"919":0}}}